{"/Users/dazza/dev/__plugins/eleventy-plugin-console-plus/index.cjs": {"path":"/Users/dazza/dev/__plugins/eleventy-plugin-console-plus/index.cjs","all":false,"statementMap":{"0":{"start":{"line":1,"column":0},"end":{"line":1,"column":13}},"2":{"start":{"line":3,"column":0},"end":{"line":3,"column":62}},"4":{"start":{"line":5,"column":0},"end":{"line":5,"column":27}},"6":{"start":{"line":7,"column":0},"end":{"line":7,"column":3}},"7":{"start":{"line":8,"column":0},"end":{"line":8,"column":36}},"8":{"start":{"line":9,"column":0},"end":{"line":9,"column":67}},"9":{"start":{"line":10,"column":0},"end":{"line":10,"column":65}},"10":{"start":{"line":11,"column":0},"end":{"line":11,"column":53}},"11":{"start":{"line":12,"column":0},"end":{"line":12,"column":3}},"12":{"start":{"line":13,"column":0},"end":{"line":13,"column":34}},"13":{"start":{"line":14,"column":0},"end":{"line":14,"column":24}},"14":{"start":{"line":15,"column":0},"end":{"line":15,"column":11}},"15":{"start":{"line":16,"column":0},"end":{"line":16,"column":17}},"16":{"start":{"line":17,"column":0},"end":{"line":17,"column":2}},"18":{"start":{"line":19,"column":0},"end":{"line":19,"column":3}},"19":{"start":{"line":20,"column":0},"end":{"line":20,"column":56}},"20":{"start":{"line":21,"column":0},"end":{"line":21,"column":40}},"21":{"start":{"line":22,"column":0},"end":{"line":22,"column":59}},"22":{"start":{"line":23,"column":0},"end":{"line":23,"column":44}},"23":{"start":{"line":24,"column":0},"end":{"line":24,"column":3}},"24":{"start":{"line":25,"column":0},"end":{"line":25,"column":55}},"25":{"start":{"line":26,"column":0},"end":{"line":26,"column":21}},"26":{"start":{"line":27,"column":0},"end":{"line":27,"column":47}},"27":{"start":{"line":28,"column":0},"end":{"line":28,"column":71}},"28":{"start":{"line":29,"column":0},"end":{"line":29,"column":11}},"29":{"start":{"line":30,"column":0},"end":{"line":30,"column":3}},"31":{"start":{"line":32,"column":0},"end":{"line":32,"column":29}},"32":{"start":{"line":33,"column":0},"end":{"line":33,"column":57}},"33":{"start":{"line":34,"column":0},"end":{"line":34,"column":68}},"34":{"start":{"line":35,"column":0},"end":{"line":35,"column":11}},"35":{"start":{"line":36,"column":0},"end":{"line":36,"column":3}},"37":{"start":{"line":38,"column":0},"end":{"line":38,"column":9}},"38":{"start":{"line":39,"column":0},"end":{"line":39,"column":20}},"39":{"start":{"line":40,"column":0},"end":{"line":40,"column":10}},"40":{"start":{"line":41,"column":0},"end":{"line":41,"column":15}},"41":{"start":{"line":42,"column":0},"end":{"line":42,"column":59}},"43":{"start":{"line":44,"column":0},"end":{"line":44,"column":29}},"44":{"start":{"line":45,"column":0},"end":{"line":45,"column":62}},"45":{"start":{"line":46,"column":0},"end":{"line":46,"column":86}},"46":{"start":{"line":47,"column":0},"end":{"line":47,"column":11}},"47":{"start":{"line":48,"column":0},"end":{"line":48,"column":3}},"48":{"start":{"line":49,"column":0},"end":{"line":49,"column":2}},"49":{"start":{"line":50,"column":0},"end":{"line":50,"column":82}},"50":{"start":{"line":51,"column":0},"end":{"line":51,"column":94}},"51":{"start":{"line":52,"column":0},"end":{"line":52,"column":11}},"52":{"start":{"line":53,"column":0},"end":{"line":53,"column":3}},"54":{"start":{"line":55,"column":0},"end":{"line":55,"column":7}},"55":{"start":{"line":56,"column":0},"end":{"line":56,"column":52}},"56":{"start":{"line":57,"column":0},"end":{"line":57,"column":27}},"57":{"start":{"line":58,"column":0},"end":{"line":58,"column":22}},"58":{"start":{"line":59,"column":0},"end":{"line":59,"column":57}},"59":{"start":{"line":60,"column":0},"end":{"line":60,"column":14}},"60":{"start":{"line":61,"column":0},"end":{"line":61,"column":23}},"61":{"start":{"line":62,"column":0},"end":{"line":62,"column":47}},"62":{"start":{"line":63,"column":0},"end":{"line":63,"column":14}},"63":{"start":{"line":64,"column":0},"end":{"line":64,"column":20}},"64":{"start":{"line":65,"column":0},"end":{"line":65,"column":57}},"65":{"start":{"line":66,"column":0},"end":{"line":66,"column":14}},"66":{"start":{"line":67,"column":0},"end":{"line":67,"column":14}},"67":{"start":{"line":68,"column":0},"end":{"line":68,"column":49}},"68":{"start":{"line":69,"column":0},"end":{"line":69,"column":28}},"69":{"start":{"line":70,"column":0},"end":{"line":70,"column":16}},"70":{"start":{"line":71,"column":0},"end":{"line":71,"column":34}},"71":{"start":{"line":72,"column":0},"end":{"line":72,"column":22}},"72":{"start":{"line":73,"column":0},"end":{"line":73,"column":24}},"73":{"start":{"line":74,"column":0},"end":{"line":74,"column":11}},"74":{"start":{"line":75,"column":0},"end":{"line":75,"column":52}},"75":{"start":{"line":76,"column":0},"end":{"line":76,"column":5}},"76":{"start":{"line":77,"column":0},"end":{"line":77,"column":19}},"77":{"start":{"line":78,"column":0},"end":{"line":78,"column":52}},"78":{"start":{"line":79,"column":0},"end":{"line":79,"column":89}},"79":{"start":{"line":80,"column":0},"end":{"line":80,"column":3}},"80":{"start":{"line":81,"column":0},"end":{"line":81,"column":2}},"82":{"start":{"line":83,"column":0},"end":{"line":83,"column":3}},"83":{"start":{"line":84,"column":0},"end":{"line":84,"column":36}},"84":{"start":{"line":85,"column":0},"end":{"line":85,"column":78}},"85":{"start":{"line":86,"column":0},"end":{"line":86,"column":102}},"86":{"start":{"line":87,"column":0},"end":{"line":87,"column":108}},"87":{"start":{"line":88,"column":0},"end":{"line":88,"column":3}},"88":{"start":{"line":89,"column":0},"end":{"line":89,"column":33}},"89":{"start":{"line":90,"column":0},"end":{"line":90,"column":22}},"90":{"start":{"line":91,"column":0},"end":{"line":91,"column":17}},"91":{"start":{"line":92,"column":0},"end":{"line":92,"column":21}},"92":{"start":{"line":93,"column":0},"end":{"line":93,"column":2}},"94":{"start":{"line":95,"column":0},"end":{"line":95,"column":3}},"95":{"start":{"line":96,"column":0},"end":{"line":96,"column":102}},"96":{"start":{"line":97,"column":0},"end":{"line":97,"column":76}},"97":{"start":{"line":98,"column":0},"end":{"line":98,"column":2}},"98":{"start":{"line":99,"column":0},"end":{"line":99,"column":44}},"99":{"start":{"line":100,"column":0},"end":{"line":100,"column":61}},"100":{"start":{"line":101,"column":0},"end":{"line":101,"column":58}},"101":{"start":{"line":102,"column":0},"end":{"line":102,"column":3}},"102":{"start":{"line":103,"column":0},"end":{"line":103,"column":50}},"103":{"start":{"line":104,"column":0},"end":{"line":104,"column":34}},"104":{"start":{"line":105,"column":0},"end":{"line":105,"column":47}},"105":{"start":{"line":106,"column":0},"end":{"line":106,"column":49}},"106":{"start":{"line":107,"column":0},"end":{"line":107,"column":3}},"107":{"start":{"line":108,"column":0},"end":{"line":108,"column":2}},"108":{"start":{"line":109,"column":0},"end":{"line":109,"column":34}},"109":{"start":{"line":110,"column":0},"end":{"line":110,"column":50}},"110":{"start":{"line":111,"column":0},"end":{"line":111,"column":17}},"111":{"start":{"line":112,"column":0},"end":{"line":112,"column":3}},"112":{"start":{"line":113,"column":0},"end":{"line":113,"column":2}},"113":{"start":{"line":114,"column":0},"end":{"line":114,"column":41}},"114":{"start":{"line":115,"column":0},"end":{"line":115,"column":24}},"115":{"start":{"line":116,"column":0},"end":{"line":116,"column":73}},"116":{"start":{"line":117,"column":0},"end":{"line":117,"column":67}},"117":{"start":{"line":118,"column":0},"end":{"line":118,"column":3}},"118":{"start":{"line":119,"column":0},"end":{"line":119,"column":2}},"119":{"start":{"line":120,"column":0},"end":{"line":120,"column":80}},"120":{"start":{"line":121,"column":0},"end":{"line":121,"column":50}},"121":{"start":{"line":122,"column":0},"end":{"line":122,"column":16}},"122":{"start":{"line":123,"column":0},"end":{"line":123,"column":7}},"123":{"start":{"line":124,"column":0},"end":{"line":124,"column":44}},"124":{"start":{"line":125,"column":0},"end":{"line":125,"column":19}},"125":{"start":{"line":126,"column":0},"end":{"line":126,"column":76}},"126":{"start":{"line":127,"column":0},"end":{"line":127,"column":36}},"127":{"start":{"line":128,"column":0},"end":{"line":128,"column":3}},"128":{"start":{"line":129,"column":0},"end":{"line":129,"column":35}},"129":{"start":{"line":130,"column":0},"end":{"line":130,"column":110}},"130":{"start":{"line":131,"column":0},"end":{"line":131,"column":3}},"132":{"start":{"line":133,"column":0},"end":{"line":133,"column":64}},"134":{"start":{"line":135,"column":0},"end":{"line":135,"column":48}},"135":{"start":{"line":136,"column":0},"end":{"line":136,"column":37}},"136":{"start":{"line":137,"column":0},"end":{"line":137,"column":2}},"137":{"start":{"line":138,"column":0},"end":{"line":138,"column":38}},"138":{"start":{"line":139,"column":0},"end":{"line":139,"column":36}},"139":{"start":{"line":140,"column":0},"end":{"line":140,"column":39}},"140":{"start":{"line":141,"column":0},"end":{"line":141,"column":5}},"142":{"start":{"line":143,"column":0},"end":{"line":143,"column":22}},"143":{"start":{"line":144,"column":0},"end":{"line":144,"column":4}},"144":{"start":{"line":145,"column":0},"end":{"line":145,"column":53}},"145":{"start":{"line":146,"column":0},"end":{"line":146,"column":20}},"146":{"start":{"line":147,"column":0},"end":{"line":147,"column":51}},"147":{"start":{"line":148,"column":0},"end":{"line":148,"column":47}},"148":{"start":{"line":149,"column":0},"end":{"line":149,"column":58}},"149":{"start":{"line":150,"column":0},"end":{"line":150,"column":66}},"150":{"start":{"line":151,"column":0},"end":{"line":151,"column":55}},"151":{"start":{"line":152,"column":0},"end":{"line":152,"column":18}},"152":{"start":{"line":153,"column":0},"end":{"line":153,"column":11}},"153":{"start":{"line":154,"column":0},"end":{"line":154,"column":9}},"154":{"start":{"line":155,"column":0},"end":{"line":155,"column":7}},"155":{"start":{"line":156,"column":0},"end":{"line":156,"column":28}},"156":{"start":{"line":157,"column":0},"end":{"line":157,"column":49}},"157":{"start":{"line":158,"column":0},"end":{"line":158,"column":59}},"158":{"start":{"line":159,"column":0},"end":{"line":159,"column":37}},"159":{"start":{"line":160,"column":0},"end":{"line":160,"column":96}},"160":{"start":{"line":161,"column":0},"end":{"line":161,"column":20}},"161":{"start":{"line":162,"column":0},"end":{"line":162,"column":68}},"162":{"start":{"line":163,"column":0},"end":{"line":163,"column":13}},"163":{"start":{"line":164,"column":0},"end":{"line":164,"column":18}},"164":{"start":{"line":165,"column":0},"end":{"line":165,"column":11}},"165":{"start":{"line":166,"column":0},"end":{"line":166,"column":9}},"166":{"start":{"line":167,"column":0},"end":{"line":167,"column":7}},"167":{"start":{"line":168,"column":0},"end":{"line":168,"column":5}},"168":{"start":{"line":169,"column":0},"end":{"line":169,"column":4}},"169":{"start":{"line":170,"column":0},"end":{"line":170,"column":73}},"170":{"start":{"line":171,"column":0},"end":{"line":171,"column":88}},"171":{"start":{"line":172,"column":0},"end":{"line":172,"column":5}},"172":{"start":{"line":173,"column":0},"end":{"line":173,"column":4}},"173":{"start":{"line":174,"column":0},"end":{"line":174,"column":38}},"174":{"start":{"line":175,"column":0},"end":{"line":175,"column":18}},"175":{"start":{"line":176,"column":0},"end":{"line":176,"column":3}},"177":{"start":{"line":178,"column":0},"end":{"line":178,"column":29}},"178":{"start":{"line":179,"column":0},"end":{"line":179,"column":39}},"180":{"start":{"line":181,"column":0},"end":{"line":181,"column":132}},"181":{"start":{"line":182,"column":0},"end":{"line":182,"column":20}},"182":{"start":{"line":183,"column":0},"end":{"line":183,"column":58}},"183":{"start":{"line":184,"column":0},"end":{"line":184,"column":67}},"184":{"start":{"line":185,"column":0},"end":{"line":185,"column":5}},"185":{"start":{"line":186,"column":0},"end":{"line":186,"column":105}},"186":{"start":{"line":187,"column":0},"end":{"line":187,"column":44}},"187":{"start":{"line":188,"column":0},"end":{"line":188,"column":56}},"188":{"start":{"line":189,"column":0},"end":{"line":189,"column":33}},"189":{"start":{"line":190,"column":0},"end":{"line":190,"column":77}},"190":{"start":{"line":191,"column":0},"end":{"line":191,"column":7}},"191":{"start":{"line":192,"column":0},"end":{"line":192,"column":5}},"192":{"start":{"line":193,"column":0},"end":{"line":193,"column":54}},"193":{"start":{"line":194,"column":0},"end":{"line":194,"column":38}},"194":{"start":{"line":195,"column":0},"end":{"line":195,"column":38}},"195":{"start":{"line":196,"column":0},"end":{"line":196,"column":95}},"196":{"start":{"line":197,"column":0},"end":{"line":197,"column":36}},"197":{"start":{"line":198,"column":0},"end":{"line":198,"column":5}},"198":{"start":{"line":199,"column":0},"end":{"line":199,"column":82}},"199":{"start":{"line":200,"column":0},"end":{"line":200,"column":66}},"200":{"start":{"line":201,"column":0},"end":{"line":201,"column":60}},"201":{"start":{"line":202,"column":0},"end":{"line":202,"column":36}},"202":{"start":{"line":203,"column":0},"end":{"line":203,"column":33}},"203":{"start":{"line":204,"column":0},"end":{"line":204,"column":53}},"204":{"start":{"line":205,"column":0},"end":{"line":205,"column":47}},"205":{"start":{"line":206,"column":0},"end":{"line":206,"column":47}},"206":{"start":{"line":207,"column":0},"end":{"line":207,"column":37}},"207":{"start":{"line":208,"column":0},"end":{"line":208,"column":52}},"208":{"start":{"line":209,"column":0},"end":{"line":209,"column":54}},"209":{"start":{"line":210,"column":0},"end":{"line":210,"column":16}},"210":{"start":{"line":211,"column":0},"end":{"line":211,"column":64}},"211":{"start":{"line":212,"column":0},"end":{"line":212,"column":9}},"212":{"start":{"line":213,"column":0},"end":{"line":213,"column":7}},"213":{"start":{"line":214,"column":0},"end":{"line":214,"column":50}},"214":{"start":{"line":215,"column":0},"end":{"line":215,"column":47}},"215":{"start":{"line":216,"column":0},"end":{"line":216,"column":33}},"216":{"start":{"line":217,"column":0},"end":{"line":217,"column":7}},"217":{"start":{"line":218,"column":0},"end":{"line":218,"column":33}},"218":{"start":{"line":219,"column":0},"end":{"line":219,"column":48}},"219":{"start":{"line":220,"column":0},"end":{"line":220,"column":50}},"220":{"start":{"line":221,"column":0},"end":{"line":221,"column":5}},"221":{"start":{"line":222,"column":0},"end":{"line":222,"column":93}},"222":{"start":{"line":223,"column":0},"end":{"line":223,"column":64}},"223":{"start":{"line":224,"column":0},"end":{"line":224,"column":60}},"224":{"start":{"line":225,"column":0},"end":{"line":225,"column":67}},"225":{"start":{"line":226,"column":0},"end":{"line":226,"column":3}},"227":{"start":{"line":228,"column":0},"end":{"line":228,"column":49}},"228":{"start":{"line":229,"column":0},"end":{"line":229,"column":55}},"229":{"start":{"line":230,"column":0},"end":{"line":230,"column":45}},"230":{"start":{"line":231,"column":0},"end":{"line":231,"column":85}},"231":{"start":{"line":232,"column":0},"end":{"line":232,"column":6}},"232":{"start":{"line":233,"column":0},"end":{"line":233,"column":37}},"233":{"start":{"line":234,"column":0},"end":{"line":234,"column":3}},"235":{"start":{"line":236,"column":0},"end":{"line":236,"column":50}},"236":{"start":{"line":237,"column":0},"end":{"line":237,"column":55}},"237":{"start":{"line":238,"column":0},"end":{"line":238,"column":34}},"238":{"start":{"line":239,"column":0},"end":{"line":239,"column":35}},"239":{"start":{"line":240,"column":0},"end":{"line":240,"column":52}},"240":{"start":{"line":241,"column":0},"end":{"line":241,"column":95}},"241":{"start":{"line":242,"column":0},"end":{"line":242,"column":25}},"242":{"start":{"line":243,"column":0},"end":{"line":243,"column":77}},"243":{"start":{"line":244,"column":0},"end":{"line":244,"column":61}},"244":{"start":{"line":245,"column":0},"end":{"line":245,"column":38}},"245":{"start":{"line":246,"column":0},"end":{"line":246,"column":91}},"246":{"start":{"line":247,"column":0},"end":{"line":247,"column":61}},"247":{"start":{"line":248,"column":0},"end":{"line":248,"column":7}},"248":{"start":{"line":249,"column":0},"end":{"line":249,"column":103}},"249":{"start":{"line":250,"column":0},"end":{"line":250,"column":87}},"250":{"start":{"line":251,"column":0},"end":{"line":251,"column":117}},"251":{"start":{"line":252,"column":0},"end":{"line":252,"column":7}},"252":{"start":{"line":253,"column":0},"end":{"line":253,"column":34}},"253":{"start":{"line":254,"column":0},"end":{"line":254,"column":3}},"255":{"start":{"line":256,"column":0},"end":{"line":256,"column":34}},"256":{"start":{"line":257,"column":0},"end":{"line":257,"column":1}},"258":{"start":{"line":259,"column":0},"end":{"line":259,"column":17}},"259":{"start":{"line":260,"column":0},"end":{"line":260,"column":78}},"261":{"start":{"line":262,"column":0},"end":{"line":262,"column":3}},"262":{"start":{"line":263,"column":0},"end":{"line":263,"column":33}},"263":{"start":{"line":264,"column":0},"end":{"line":264,"column":51}},"264":{"start":{"line":265,"column":0},"end":{"line":265,"column":64}},"265":{"start":{"line":266,"column":0},"end":{"line":266,"column":63}},"266":{"start":{"line":267,"column":0},"end":{"line":267,"column":54}},"267":{"start":{"line":268,"column":0},"end":{"line":268,"column":59}},"268":{"start":{"line":269,"column":0},"end":{"line":269,"column":44}},"269":{"start":{"line":270,"column":0},"end":{"line":270,"column":3}},"270":{"start":{"line":271,"column":0},"end":{"line":271,"column":30}},"271":{"start":{"line":272,"column":0},"end":{"line":272,"column":19}},"272":{"start":{"line":273,"column":0},"end":{"line":273,"column":25}},"273":{"start":{"line":274,"column":0},"end":{"line":274,"column":22}},"274":{"start":{"line":275,"column":0},"end":{"line":275,"column":22}},"275":{"start":{"line":276,"column":0},"end":{"line":276,"column":17}},"276":{"start":{"line":277,"column":0},"end":{"line":277,"column":11}},"277":{"start":{"line":278,"column":0},"end":{"line":278,"column":2}},"279":{"start":{"line":280,"column":0},"end":{"line":280,"column":32}},"280":{"start":{"line":281,"column":0},"end":{"line":281,"column":97}},"281":{"start":{"line":282,"column":0},"end":{"line":282,"column":17}},"282":{"start":{"line":283,"column":0},"end":{"line":283,"column":12}},"283":{"start":{"line":284,"column":0},"end":{"line":284,"column":45}},"284":{"start":{"line":285,"column":0},"end":{"line":285,"column":11}},"285":{"start":{"line":286,"column":0},"end":{"line":286,"column":44}},"286":{"start":{"line":287,"column":0},"end":{"line":287,"column":23}},"287":{"start":{"line":288,"column":0},"end":{"line":288,"column":59}},"288":{"start":{"line":289,"column":0},"end":{"line":289,"column":70}},"289":{"start":{"line":290,"column":0},"end":{"line":290,"column":34}},"290":{"start":{"line":291,"column":0},"end":{"line":291,"column":7}},"291":{"start":{"line":292,"column":0},"end":{"line":292,"column":5}},"292":{"start":{"line":293,"column":0},"end":{"line":293,"column":47}},"293":{"start":{"line":294,"column":0},"end":{"line":294,"column":21}},"294":{"start":{"line":295,"column":0},"end":{"line":295,"column":26}},"295":{"start":{"line":296,"column":0},"end":{"line":296,"column":36}},"296":{"start":{"line":297,"column":0},"end":{"line":297,"column":35}},"297":{"start":{"line":298,"column":0},"end":{"line":298,"column":35}},"298":{"start":{"line":299,"column":0},"end":{"line":299,"column":26}},"299":{"start":{"line":300,"column":0},"end":{"line":300,"column":26}},"300":{"start":{"line":301,"column":0},"end":{"line":301,"column":58}},"301":{"start":{"line":302,"column":0},"end":{"line":302,"column":30}},"302":{"start":{"line":303,"column":0},"end":{"line":303,"column":28}},"303":{"start":{"line":304,"column":0},"end":{"line":304,"column":3}},"305":{"start":{"line":306,"column":0},"end":{"line":306,"column":35}},"306":{"start":{"line":307,"column":0},"end":{"line":307,"column":39}},"307":{"start":{"line":308,"column":0},"end":{"line":308,"column":3}},"309":{"start":{"line":310,"column":0},"end":{"line":310,"column":23}},"310":{"start":{"line":311,"column":0},"end":{"line":311,"column":31}},"311":{"start":{"line":312,"column":0},"end":{"line":312,"column":18}},"312":{"start":{"line":313,"column":0},"end":{"line":313,"column":3}},"314":{"start":{"line":315,"column":0},"end":{"line":315,"column":54}},"315":{"start":{"line":316,"column":0},"end":{"line":316,"column":32}},"316":{"start":{"line":317,"column":0},"end":{"line":317,"column":20}},"317":{"start":{"line":318,"column":0},"end":{"line":318,"column":5}},"318":{"start":{"line":319,"column":0},"end":{"line":319,"column":3}},"320":{"start":{"line":321,"column":0},"end":{"line":321,"column":25}},"321":{"start":{"line":322,"column":0},"end":{"line":322,"column":42}},"322":{"start":{"line":323,"column":0},"end":{"line":323,"column":51}},"323":{"start":{"line":324,"column":0},"end":{"line":324,"column":82}},"324":{"start":{"line":325,"column":0},"end":{"line":325,"column":9}},"325":{"start":{"line":326,"column":0},"end":{"line":326,"column":49}},"326":{"start":{"line":327,"column":0},"end":{"line":327,"column":83}},"327":{"start":{"line":328,"column":0},"end":{"line":328,"column":9}},"328":{"start":{"line":329,"column":0},"end":{"line":329,"column":5}},"329":{"start":{"line":330,"column":0},"end":{"line":330,"column":3}},"331":{"start":{"line":332,"column":0},"end":{"line":332,"column":15}},"332":{"start":{"line":333,"column":0},"end":{"line":333,"column":12}},"333":{"start":{"line":334,"column":0},"end":{"line":334,"column":30}},"334":{"start":{"line":335,"column":0},"end":{"line":335,"column":31}},"335":{"start":{"line":336,"column":0},"end":{"line":336,"column":25}},"336":{"start":{"line":337,"column":0},"end":{"line":337,"column":20}},"337":{"start":{"line":338,"column":0},"end":{"line":338,"column":25}},"338":{"start":{"line":339,"column":0},"end":{"line":339,"column":22}},"339":{"start":{"line":340,"column":0},"end":{"line":340,"column":31}},"340":{"start":{"line":341,"column":0},"end":{"line":341,"column":27}},"341":{"start":{"line":342,"column":0},"end":{"line":342,"column":22}},"342":{"start":{"line":343,"column":0},"end":{"line":343,"column":7}},"344":{"start":{"line":345,"column":0},"end":{"line":345,"column":26}},"345":{"start":{"line":346,"column":0},"end":{"line":346,"column":26}},"346":{"start":{"line":347,"column":0},"end":{"line":347,"column":25}},"347":{"start":{"line":348,"column":0},"end":{"line":348,"column":27}},"348":{"start":{"line":349,"column":0},"end":{"line":349,"column":7}},"350":{"start":{"line":351,"column":0},"end":{"line":351,"column":25}},"351":{"start":{"line":352,"column":0},"end":{"line":352,"column":27}},"352":{"start":{"line":353,"column":0},"end":{"line":353,"column":7}},"354":{"start":{"line":355,"column":0},"end":{"line":355,"column":27}},"355":{"start":{"line":356,"column":0},"end":{"line":356,"column":22}},"356":{"start":{"line":357,"column":0},"end":{"line":357,"column":32}},"357":{"start":{"line":358,"column":0},"end":{"line":358,"column":17}},"358":{"start":{"line":359,"column":0},"end":{"line":359,"column":27}},"359":{"start":{"line":360,"column":0},"end":{"line":360,"column":25}},"360":{"start":{"line":361,"column":0},"end":{"line":361,"column":7}},"362":{"start":{"line":363,"column":0},"end":{"line":363,"column":27}},"363":{"start":{"line":364,"column":0},"end":{"line":364,"column":24}},"364":{"start":{"line":365,"column":0},"end":{"line":365,"column":26}},"365":{"start":{"line":366,"column":0},"end":{"line":366,"column":20}},"366":{"start":{"line":367,"column":0},"end":{"line":367,"column":21}},"367":{"start":{"line":368,"column":0},"end":{"line":368,"column":29}},"368":{"start":{"line":369,"column":0},"end":{"line":369,"column":28}},"369":{"start":{"line":370,"column":0},"end":{"line":370,"column":32}},"370":{"start":{"line":371,"column":0},"end":{"line":371,"column":27}},"371":{"start":{"line":372,"column":0},"end":{"line":372,"column":16}},"372":{"start":{"line":373,"column":0},"end":{"line":373,"column":15}},"373":{"start":{"line":374,"column":0},"end":{"line":374,"column":20}},"374":{"start":{"line":375,"column":0},"end":{"line":375,"column":7}},"376":{"start":{"line":377,"column":0},"end":{"line":377,"column":32}},"377":{"start":{"line":378,"column":0},"end":{"line":378,"column":27}},"378":{"start":{"line":379,"column":0},"end":{"line":379,"column":30}},"379":{"start":{"line":380,"column":0},"end":{"line":380,"column":7}},"381":{"start":{"line":382,"column":0},"end":{"line":382,"column":24}},"382":{"start":{"line":383,"column":0},"end":{"line":383,"column":23}},"383":{"start":{"line":384,"column":0},"end":{"line":384,"column":27}},"384":{"start":{"line":385,"column":0},"end":{"line":385,"column":24}},"385":{"start":{"line":386,"column":0},"end":{"line":386,"column":7}},"387":{"start":{"line":388,"column":0},"end":{"line":388,"column":30}},"388":{"start":{"line":389,"column":0},"end":{"line":389,"column":22}},"389":{"start":{"line":390,"column":0},"end":{"line":390,"column":27}},"390":{"start":{"line":391,"column":0},"end":{"line":391,"column":16}},"391":{"start":{"line":392,"column":0},"end":{"line":392,"column":18}},"392":{"start":{"line":393,"column":0},"end":{"line":393,"column":20}},"393":{"start":{"line":394,"column":0},"end":{"line":394,"column":28}},"394":{"start":{"line":395,"column":0},"end":{"line":395,"column":31}},"395":{"start":{"line":396,"column":0},"end":{"line":396,"column":27}},"396":{"start":{"line":397,"column":0},"end":{"line":397,"column":26}},"397":{"start":{"line":398,"column":0},"end":{"line":398,"column":24}},"398":{"start":{"line":399,"column":0},"end":{"line":399,"column":47}},"399":{"start":{"line":400,"column":0},"end":{"line":400,"column":26}},"400":{"start":{"line":401,"column":0},"end":{"line":401,"column":28}},"401":{"start":{"line":402,"column":0},"end":{"line":402,"column":25}},"402":{"start":{"line":403,"column":0},"end":{"line":403,"column":20}},"403":{"start":{"line":404,"column":0},"end":{"line":404,"column":22}},"404":{"start":{"line":405,"column":0},"end":{"line":405,"column":28}},"405":{"start":{"line":406,"column":0},"end":{"line":406,"column":17}},"406":{"start":{"line":407,"column":0},"end":{"line":407,"column":7}},"408":{"start":{"line":409,"column":0},"end":{"line":409,"column":35}},"409":{"start":{"line":410,"column":0},"end":{"line":410,"column":22}},"410":{"start":{"line":411,"column":0},"end":{"line":411,"column":7}},"412":{"start":{"line":413,"column":0},"end":{"line":413,"column":35}},"413":{"start":{"line":414,"column":0},"end":{"line":414,"column":28}},"414":{"start":{"line":415,"column":0},"end":{"line":415,"column":34}},"415":{"start":{"line":416,"column":0},"end":{"line":416,"column":27}},"416":{"start":{"line":417,"column":0},"end":{"line":417,"column":25}},"417":{"start":{"line":418,"column":0},"end":{"line":418,"column":24}},"418":{"start":{"line":419,"column":0},"end":{"line":419,"column":26}},"419":{"start":{"line":420,"column":0},"end":{"line":420,"column":23}},"420":{"start":{"line":421,"column":0},"end":{"line":421,"column":26}},"421":{"start":{"line":422,"column":0},"end":{"line":422,"column":7}},"423":{"start":{"line":424,"column":0},"end":{"line":424,"column":41}},"424":{"start":{"line":425,"column":0},"end":{"line":425,"column":28}},"425":{"start":{"line":426,"column":0},"end":{"line":426,"column":7}},"427":{"start":{"line":428,"column":0},"end":{"line":428,"column":26}},"428":{"start":{"line":429,"column":0},"end":{"line":429,"column":20}},"429":{"start":{"line":430,"column":0},"end":{"line":430,"column":16}},"430":{"start":{"line":431,"column":0},"end":{"line":431,"column":7}},"432":{"start":{"line":433,"column":0},"end":{"line":433,"column":27}},"433":{"start":{"line":434,"column":0},"end":{"line":434,"column":23}},"434":{"start":{"line":435,"column":0},"end":{"line":435,"column":7}},"436":{"start":{"line":437,"column":0},"end":{"line":437,"column":27}},"437":{"start":{"line":438,"column":0},"end":{"line":438,"column":23}},"438":{"start":{"line":439,"column":0},"end":{"line":439,"column":7}},"440":{"start":{"line":441,"column":0},"end":{"line":441,"column":28}},"441":{"start":{"line":442,"column":0},"end":{"line":442,"column":23}},"442":{"start":{"line":443,"column":0},"end":{"line":443,"column":7}},"444":{"start":{"line":445,"column":0},"end":{"line":445,"column":25}},"445":{"start":{"line":446,"column":0},"end":{"line":446,"column":23}},"446":{"start":{"line":447,"column":0},"end":{"line":447,"column":27}},"447":{"start":{"line":448,"column":0},"end":{"line":448,"column":7}},"449":{"start":{"line":450,"column":0},"end":{"line":450,"column":30}},"450":{"start":{"line":451,"column":0},"end":{"line":451,"column":23}},"451":{"start":{"line":452,"column":0},"end":{"line":452,"column":27}},"452":{"start":{"line":453,"column":0},"end":{"line":453,"column":7}},"454":{"start":{"line":455,"column":0},"end":{"line":455,"column":29}},"455":{"start":{"line":456,"column":0},"end":{"line":456,"column":23}},"456":{"start":{"line":457,"column":0},"end":{"line":457,"column":27}},"457":{"start":{"line":458,"column":0},"end":{"line":458,"column":7}},"459":{"start":{"line":460,"column":0},"end":{"line":460,"column":27}},"460":{"start":{"line":461,"column":0},"end":{"line":461,"column":23}},"461":{"start":{"line":462,"column":0},"end":{"line":462,"column":27}},"462":{"start":{"line":463,"column":0},"end":{"line":463,"column":7}},"464":{"start":{"line":465,"column":0},"end":{"line":465,"column":27}},"465":{"start":{"line":466,"column":0},"end":{"line":466,"column":23}},"466":{"start":{"line":467,"column":0},"end":{"line":467,"column":7}},"468":{"start":{"line":469,"column":0},"end":{"line":469,"column":26}},"469":{"start":{"line":470,"column":0},"end":{"line":470,"column":23}},"470":{"start":{"line":471,"column":0},"end":{"line":471,"column":7}},"472":{"start":{"line":473,"column":0},"end":{"line":473,"column":27}},"473":{"start":{"line":474,"column":0},"end":{"line":474,"column":20}},"474":{"start":{"line":475,"column":0},"end":{"line":475,"column":7}},"476":{"start":{"line":477,"column":0},"end":{"line":477,"column":29}},"477":{"start":{"line":478,"column":0},"end":{"line":478,"column":23}},"478":{"start":{"line":479,"column":0},"end":{"line":479,"column":7}},"480":{"start":{"line":481,"column":0},"end":{"line":481,"column":30}},"481":{"start":{"line":482,"column":0},"end":{"line":482,"column":22}},"482":{"start":{"line":483,"column":0},"end":{"line":483,"column":7}},"484":{"start":{"line":485,"column":0},"end":{"line":485,"column":29}},"485":{"start":{"line":486,"column":0},"end":{"line":486,"column":23}},"486":{"start":{"line":487,"column":0},"end":{"line":487,"column":27}},"487":{"start":{"line":488,"column":0},"end":{"line":488,"column":7}},"489":{"start":{"line":490,"column":0},"end":{"line":490,"column":25}},"490":{"start":{"line":491,"column":0},"end":{"line":491,"column":20}},"491":{"start":{"line":492,"column":0},"end":{"line":492,"column":25}},"492":{"start":{"line":493,"column":0},"end":{"line":493,"column":22}},"493":{"start":{"line":494,"column":0},"end":{"line":494,"column":7}},"495":{"start":{"line":496,"column":0},"end":{"line":496,"column":26}},"496":{"start":{"line":497,"column":0},"end":{"line":497,"column":20}},"497":{"start":{"line":498,"column":0},"end":{"line":498,"column":25}},"498":{"start":{"line":499,"column":0},"end":{"line":499,"column":7}},"500":{"start":{"line":501,"column":0},"end":{"line":501,"column":25}},"501":{"start":{"line":502,"column":0},"end":{"line":502,"column":23}},"502":{"start":{"line":503,"column":0},"end":{"line":503,"column":7}},"504":{"start":{"line":505,"column":0},"end":{"line":505,"column":29}},"505":{"start":{"line":506,"column":0},"end":{"line":506,"column":28}},"506":{"start":{"line":507,"column":0},"end":{"line":507,"column":22}},"507":{"start":{"line":508,"column":0},"end":{"line":508,"column":18}},"508":{"start":{"line":509,"column":0},"end":{"line":509,"column":7}},"510":{"start":{"line":511,"column":0},"end":{"line":511,"column":28}},"511":{"start":{"line":512,"column":0},"end":{"line":512,"column":22}},"512":{"start":{"line":513,"column":0},"end":{"line":513,"column":28}},"513":{"start":{"line":514,"column":0},"end":{"line":514,"column":17}},"514":{"start":{"line":515,"column":0},"end":{"line":515,"column":24}},"515":{"start":{"line":516,"column":0},"end":{"line":516,"column":26}},"516":{"start":{"line":517,"column":0},"end":{"line":517,"column":20}},"517":{"start":{"line":518,"column":0},"end":{"line":518,"column":7}},"519":{"start":{"line":520,"column":0},"end":{"line":520,"column":51}},"520":{"start":{"line":521,"column":0},"end":{"line":521,"column":18}},"521":{"start":{"line":522,"column":0},"end":{"line":522,"column":7}},"523":{"start":{"line":524,"column":0},"end":{"line":524,"column":36}},"524":{"start":{"line":525,"column":0},"end":{"line":525,"column":27}},"525":{"start":{"line":526,"column":0},"end":{"line":526,"column":26}},"526":{"start":{"line":527,"column":0},"end":{"line":527,"column":23}},"527":{"start":{"line":528,"column":0},"end":{"line":528,"column":31}},"528":{"start":{"line":529,"column":0},"end":{"line":529,"column":27}},"529":{"start":{"line":530,"column":0},"end":{"line":530,"column":28}},"530":{"start":{"line":531,"column":0},"end":{"line":531,"column":20}},"531":{"start":{"line":532,"column":0},"end":{"line":532,"column":24}},"532":{"start":{"line":533,"column":0},"end":{"line":533,"column":48}},"533":{"start":{"line":534,"column":0},"end":{"line":534,"column":7}},"535":{"start":{"line":536,"column":0},"end":{"line":536,"column":42}},"536":{"start":{"line":537,"column":0},"end":{"line":537,"column":28}},"537":{"start":{"line":538,"column":0},"end":{"line":538,"column":23}},"538":{"start":{"line":539,"column":0},"end":{"line":539,"column":7}},"540":{"start":{"line":541,"column":0},"end":{"line":541,"column":38}},"541":{"start":{"line":542,"column":0},"end":{"line":542,"column":29}},"542":{"start":{"line":543,"column":0},"end":{"line":543,"column":17}},"543":{"start":{"line":544,"column":0},"end":{"line":544,"column":28}},"544":{"start":{"line":545,"column":0},"end":{"line":545,"column":25}},"545":{"start":{"line":546,"column":0},"end":{"line":546,"column":32}},"546":{"start":{"line":547,"column":0},"end":{"line":547,"column":24}},"547":{"start":{"line":548,"column":0},"end":{"line":548,"column":7}},"549":{"start":{"line":550,"column":0},"end":{"line":550,"column":33}},"550":{"start":{"line":551,"column":0},"end":{"line":551,"column":29}},"551":{"start":{"line":552,"column":0},"end":{"line":552,"column":17}},"552":{"start":{"line":553,"column":0},"end":{"line":553,"column":7}},"554":{"start":{"line":555,"column":0},"end":{"line":555,"column":37}},"555":{"start":{"line":556,"column":0},"end":{"line":556,"column":23}},"556":{"start":{"line":557,"column":0},"end":{"line":557,"column":27}},"557":{"start":{"line":558,"column":0},"end":{"line":558,"column":7}},"559":{"start":{"line":560,"column":0},"end":{"line":560,"column":35}},"560":{"start":{"line":561,"column":0},"end":{"line":561,"column":23}},"561":{"start":{"line":562,"column":0},"end":{"line":562,"column":27}},"562":{"start":{"line":563,"column":0},"end":{"line":563,"column":7}},"563":{"start":{"line":564,"column":0},"end":{"line":564,"column":6}},"564":{"start":{"line":565,"column":0},"end":{"line":565,"column":3}},"566":{"start":{"line":567,"column":0},"end":{"line":567,"column":23}},"567":{"start":{"line":568,"column":0},"end":{"line":568,"column":59}},"568":{"start":{"line":569,"column":0},"end":{"line":569,"column":3}},"570":{"start":{"line":571,"column":0},"end":{"line":571,"column":17}},"571":{"start":{"line":572,"column":0},"end":{"line":572,"column":21}},"572":{"start":{"line":573,"column":0},"end":{"line":573,"column":26}},"573":{"start":{"line":574,"column":0},"end":{"line":574,"column":3}},"575":{"start":{"line":576,"column":0},"end":{"line":576,"column":12}},"576":{"start":{"line":577,"column":0},"end":{"line":577,"column":51}},"577":{"start":{"line":578,"column":0},"end":{"line":578,"column":4}},"578":{"start":{"line":579,"column":0},"end":{"line":579,"column":52}},"579":{"start":{"line":580,"column":0},"end":{"line":580,"column":56}},"580":{"start":{"line":581,"column":0},"end":{"line":581,"column":4}},"581":{"start":{"line":582,"column":0},"end":{"line":582,"column":26}},"583":{"start":{"line":584,"column":0},"end":{"line":584,"column":40}},"584":{"start":{"line":585,"column":0},"end":{"line":585,"column":39}},"585":{"start":{"line":586,"column":0},"end":{"line":586,"column":69}},"586":{"start":{"line":587,"column":0},"end":{"line":587,"column":13}},"587":{"start":{"line":588,"column":0},"end":{"line":588,"column":5}},"589":{"start":{"line":590,"column":0},"end":{"line":590,"column":46}},"590":{"start":{"line":591,"column":0},"end":{"line":591,"column":75}},"591":{"start":{"line":592,"column":0},"end":{"line":592,"column":80}},"592":{"start":{"line":593,"column":0},"end":{"line":593,"column":13}},"593":{"start":{"line":594,"column":0},"end":{"line":594,"column":5}},"595":{"start":{"line":596,"column":0},"end":{"line":596,"column":9}},"596":{"start":{"line":597,"column":0},"end":{"line":597,"column":40}},"597":{"start":{"line":598,"column":0},"end":{"line":598,"column":6}},"598":{"start":{"line":599,"column":0},"end":{"line":599,"column":27}},"599":{"start":{"line":600,"column":0},"end":{"line":600,"column":51}},"600":{"start":{"line":601,"column":0},"end":{"line":601,"column":51}},"601":{"start":{"line":602,"column":0},"end":{"line":602,"column":37}},"602":{"start":{"line":603,"column":0},"end":{"line":603,"column":109}},"603":{"start":{"line":604,"column":0},"end":{"line":604,"column":15}},"604":{"start":{"line":605,"column":0},"end":{"line":605,"column":7}},"605":{"start":{"line":606,"column":0},"end":{"line":606,"column":6}},"606":{"start":{"line":607,"column":0},"end":{"line":607,"column":23}},"607":{"start":{"line":608,"column":0},"end":{"line":608,"column":32}},"608":{"start":{"line":609,"column":0},"end":{"line":609,"column":17}},"609":{"start":{"line":610,"column":0},"end":{"line":610,"column":53}},"610":{"start":{"line":611,"column":0},"end":{"line":611,"column":13}},"611":{"start":{"line":612,"column":0},"end":{"line":612,"column":5}},"613":{"start":{"line":614,"column":0},"end":{"line":614,"column":59}},"614":{"start":{"line":615,"column":0},"end":{"line":615,"column":9}},"615":{"start":{"line":616,"column":0},"end":{"line":616,"column":69}},"616":{"start":{"line":617,"column":0},"end":{"line":617,"column":23}},"617":{"start":{"line":618,"column":0},"end":{"line":618,"column":42}},"618":{"start":{"line":619,"column":0},"end":{"line":619,"column":43}},"619":{"start":{"line":620,"column":0},"end":{"line":620,"column":71}},"620":{"start":{"line":621,"column":0},"end":{"line":621,"column":92}},"621":{"start":{"line":622,"column":0},"end":{"line":622,"column":49}},"622":{"start":{"line":623,"column":0},"end":{"line":623,"column":14}},"623":{"start":{"line":624,"column":0},"end":{"line":624,"column":8}},"624":{"start":{"line":625,"column":0},"end":{"line":625,"column":6}},"625":{"start":{"line":626,"column":0},"end":{"line":626,"column":31}},"626":{"start":{"line":627,"column":0},"end":{"line":627,"column":33}},"627":{"start":{"line":628,"column":0},"end":{"line":628,"column":14}},"628":{"start":{"line":629,"column":0},"end":{"line":629,"column":39}},"629":{"start":{"line":630,"column":0},"end":{"line":630,"column":7}},"630":{"start":{"line":631,"column":0},"end":{"line":631,"column":21}},"631":{"start":{"line":632,"column":0},"end":{"line":632,"column":59}},"632":{"start":{"line":633,"column":0},"end":{"line":633,"column":13}},"633":{"start":{"line":634,"column":0},"end":{"line":634,"column":5}},"635":{"start":{"line":636,"column":0},"end":{"line":636,"column":48}},"636":{"start":{"line":637,"column":0},"end":{"line":637,"column":51}},"637":{"start":{"line":638,"column":0},"end":{"line":638,"column":60}},"638":{"start":{"line":639,"column":0},"end":{"line":639,"column":4}},"639":{"start":{"line":640,"column":0},"end":{"line":640,"column":25}},"640":{"start":{"line":641,"column":0},"end":{"line":641,"column":52}},"641":{"start":{"line":642,"column":0},"end":{"line":642,"column":39}},"642":{"start":{"line":643,"column":0},"end":{"line":643,"column":5}},"644":{"start":{"line":645,"column":0},"end":{"line":645,"column":29}},"645":{"start":{"line":646,"column":0},"end":{"line":646,"column":40}},"646":{"start":{"line":647,"column":0},"end":{"line":647,"column":3}},"648":{"start":{"line":649,"column":0},"end":{"line":649,"column":33}},"649":{"start":{"line":650,"column":0},"end":{"line":650,"column":21}},"650":{"start":{"line":651,"column":0},"end":{"line":651,"column":43}},"651":{"start":{"line":652,"column":0},"end":{"line":652,"column":14}},"652":{"start":{"line":653,"column":0},"end":{"line":653,"column":29}},"653":{"start":{"line":654,"column":0},"end":{"line":654,"column":28}},"654":{"start":{"line":655,"column":0},"end":{"line":655,"column":28}},"655":{"start":{"line":656,"column":0},"end":{"line":656,"column":30}},"656":{"start":{"line":657,"column":0},"end":{"line":657,"column":30}},"657":{"start":{"line":658,"column":0},"end":{"line":658,"column":3}},"659":{"start":{"line":660,"column":0},"end":{"line":660,"column":51}},"660":{"start":{"line":661,"column":0},"end":{"line":661,"column":24}},"661":{"start":{"line":662,"column":0},"end":{"line":662,"column":16}},"662":{"start":{"line":663,"column":0},"end":{"line":663,"column":47}},"663":{"start":{"line":664,"column":0},"end":{"line":664,"column":27}},"664":{"start":{"line":665,"column":0},"end":{"line":665,"column":30}},"665":{"start":{"line":666,"column":0},"end":{"line":666,"column":22}},"666":{"start":{"line":667,"column":0},"end":{"line":667,"column":8}},"667":{"start":{"line":668,"column":0},"end":{"line":668,"column":28}},"668":{"start":{"line":669,"column":0},"end":{"line":669,"column":40}},"669":{"start":{"line":670,"column":0},"end":{"line":670,"column":6}},"670":{"start":{"line":671,"column":0},"end":{"line":671,"column":3}},"672":{"start":{"line":673,"column":0},"end":{"line":673,"column":24}},"673":{"start":{"line":674,"column":0},"end":{"line":674,"column":12}},"674":{"start":{"line":675,"column":0},"end":{"line":675,"column":48}},"675":{"start":{"line":676,"column":0},"end":{"line":676,"column":87}},"676":{"start":{"line":677,"column":0},"end":{"line":677,"column":79}},"677":{"start":{"line":678,"column":0},"end":{"line":678,"column":45}},"678":{"start":{"line":679,"column":0},"end":{"line":679,"column":98}},"679":{"start":{"line":680,"column":0},"end":{"line":680,"column":22}},"680":{"start":{"line":681,"column":0},"end":{"line":681,"column":18}},"681":{"start":{"line":682,"column":0},"end":{"line":682,"column":45}},"682":{"start":{"line":683,"column":0},"end":{"line":683,"column":101}},"683":{"start":{"line":684,"column":0},"end":{"line":684,"column":31}},"684":{"start":{"line":685,"column":0},"end":{"line":685,"column":18}},"685":{"start":{"line":686,"column":0},"end":{"line":686,"column":14}},"686":{"start":{"line":687,"column":0},"end":{"line":687,"column":12}},"687":{"start":{"line":688,"column":0},"end":{"line":688,"column":6}},"688":{"start":{"line":689,"column":0},"end":{"line":689,"column":3}},"690":{"start":{"line":691,"column":0},"end":{"line":691,"column":34}},"691":{"start":{"line":692,"column":0},"end":{"line":692,"column":51}},"692":{"start":{"line":693,"column":0},"end":{"line":693,"column":4}},"693":{"start":{"line":694,"column":0},"end":{"line":694,"column":61}},"694":{"start":{"line":695,"column":0},"end":{"line":695,"column":4}},"695":{"start":{"line":696,"column":0},"end":{"line":696,"column":62}},"696":{"start":{"line":697,"column":0},"end":{"line":697,"column":48}},"697":{"start":{"line":698,"column":0},"end":{"line":698,"column":45}},"698":{"start":{"line":699,"column":0},"end":{"line":699,"column":67}},"699":{"start":{"line":700,"column":0},"end":{"line":700,"column":4}},"700":{"start":{"line":701,"column":0},"end":{"line":701,"column":22}},"701":{"start":{"line":702,"column":0},"end":{"line":702,"column":61}},"702":{"start":{"line":703,"column":0},"end":{"line":703,"column":48}},"703":{"start":{"line":704,"column":0},"end":{"line":704,"column":37}},"704":{"start":{"line":705,"column":0},"end":{"line":705,"column":54}},"705":{"start":{"line":706,"column":0},"end":{"line":706,"column":86}},"706":{"start":{"line":707,"column":0},"end":{"line":707,"column":9}},"707":{"start":{"line":708,"column":0},"end":{"line":708,"column":5}},"709":{"start":{"line":710,"column":0},"end":{"line":710,"column":21}},"710":{"start":{"line":711,"column":0},"end":{"line":711,"column":59}},"711":{"start":{"line":712,"column":0},"end":{"line":712,"column":24}},"712":{"start":{"line":713,"column":0},"end":{"line":713,"column":54}},"713":{"start":{"line":714,"column":0},"end":{"line":714,"column":55}},"714":{"start":{"line":715,"column":0},"end":{"line":715,"column":29}},"715":{"start":{"line":716,"column":0},"end":{"line":716,"column":9}},"716":{"start":{"line":717,"column":0},"end":{"line":717,"column":5}},"718":{"start":{"line":719,"column":0},"end":{"line":719,"column":21}},"719":{"start":{"line":720,"column":0},"end":{"line":720,"column":59}},"720":{"start":{"line":721,"column":0},"end":{"line":721,"column":24}},"721":{"start":{"line":722,"column":0},"end":{"line":722,"column":54}},"722":{"start":{"line":723,"column":0},"end":{"line":723,"column":58}},"723":{"start":{"line":724,"column":0},"end":{"line":724,"column":23}},"724":{"start":{"line":725,"column":0},"end":{"line":725,"column":9}},"725":{"start":{"line":726,"column":0},"end":{"line":726,"column":5}},"726":{"start":{"line":727,"column":0},"end":{"line":727,"column":3}},"728":{"start":{"line":729,"column":0},"end":{"line":729,"column":19}},"729":{"start":{"line":730,"column":0},"end":{"line":730,"column":51}},"730":{"start":{"line":731,"column":0},"end":{"line":731,"column":4}},"731":{"start":{"line":732,"column":0},"end":{"line":732,"column":61}},"732":{"start":{"line":733,"column":0},"end":{"line":733,"column":66}},"733":{"start":{"line":734,"column":0},"end":{"line":734,"column":33}},"734":{"start":{"line":735,"column":0},"end":{"line":735,"column":54}},"735":{"start":{"line":736,"column":0},"end":{"line":736,"column":57}},"736":{"start":{"line":737,"column":0},"end":{"line":737,"column":25}},"737":{"start":{"line":738,"column":0},"end":{"line":738,"column":73}},"738":{"start":{"line":739,"column":0},"end":{"line":739,"column":7}},"739":{"start":{"line":740,"column":0},"end":{"line":740,"column":7}},"740":{"start":{"line":741,"column":0},"end":{"line":741,"column":3}},"742":{"start":{"line":743,"column":0},"end":{"line":743,"column":13}},"743":{"start":{"line":744,"column":0},"end":{"line":744,"column":51}},"744":{"start":{"line":745,"column":0},"end":{"line":745,"column":4}},"745":{"start":{"line":746,"column":0},"end":{"line":746,"column":61}},"746":{"start":{"line":747,"column":0},"end":{"line":747,"column":63}},"747":{"start":{"line":748,"column":0},"end":{"line":748,"column":18}},"748":{"start":{"line":749,"column":0},"end":{"line":749,"column":29}},"749":{"start":{"line":750,"column":0},"end":{"line":750,"column":52}},"750":{"start":{"line":751,"column":0},"end":{"line":751,"column":32}},"751":{"start":{"line":752,"column":0},"end":{"line":752,"column":42}},"752":{"start":{"line":753,"column":0},"end":{"line":753,"column":5}},"753":{"start":{"line":754,"column":0},"end":{"line":754,"column":3}},"755":{"start":{"line":756,"column":0},"end":{"line":756,"column":18}},"756":{"start":{"line":757,"column":0},"end":{"line":757,"column":38}},"757":{"start":{"line":758,"column":0},"end":{"line":758,"column":45}},"758":{"start":{"line":759,"column":0},"end":{"line":759,"column":45}},"759":{"start":{"line":760,"column":0},"end":{"line":760,"column":83}},"760":{"start":{"line":761,"column":0},"end":{"line":761,"column":109}},"761":{"start":{"line":762,"column":0},"end":{"line":762,"column":95}},"762":{"start":{"line":763,"column":0},"end":{"line":763,"column":36}},"763":{"start":{"line":764,"column":0},"end":{"line":764,"column":74}},"764":{"start":{"line":765,"column":0},"end":{"line":765,"column":53}},"765":{"start":{"line":766,"column":0},"end":{"line":766,"column":73}},"766":{"start":{"line":767,"column":0},"end":{"line":767,"column":37}},"767":{"start":{"line":768,"column":0},"end":{"line":768,"column":38}},"768":{"start":{"line":769,"column":0},"end":{"line":769,"column":38}},"769":{"start":{"line":770,"column":0},"end":{"line":770,"column":38}},"770":{"start":{"line":771,"column":0},"end":{"line":771,"column":51}},"771":{"start":{"line":772,"column":0},"end":{"line":772,"column":22}},"772":{"start":{"line":773,"column":0},"end":{"line":773,"column":7}},"773":{"start":{"line":774,"column":0},"end":{"line":774,"column":5}},"774":{"start":{"line":775,"column":0},"end":{"line":775,"column":24}},"775":{"start":{"line":776,"column":0},"end":{"line":776,"column":3}},"777":{"start":{"line":778,"column":0},"end":{"line":778,"column":19}},"778":{"start":{"line":779,"column":0},"end":{"line":779,"column":50}},"779":{"start":{"line":780,"column":0},"end":{"line":780,"column":86}},"780":{"start":{"line":781,"column":0},"end":{"line":781,"column":16}},"781":{"start":{"line":782,"column":0},"end":{"line":782,"column":3}},"783":{"start":{"line":784,"column":0},"end":{"line":784,"column":28}},"784":{"start":{"line":785,"column":0},"end":{"line":785,"column":53}},"785":{"start":{"line":786,"column":0},"end":{"line":786,"column":4}},"786":{"start":{"line":787,"column":0},"end":{"line":787,"column":60}},"787":{"start":{"line":788,"column":0},"end":{"line":788,"column":37}},"789":{"start":{"line":790,"column":0},"end":{"line":790,"column":28}},"790":{"start":{"line":791,"column":0},"end":{"line":791,"column":38}},"791":{"start":{"line":792,"column":0},"end":{"line":792,"column":30}},"792":{"start":{"line":793,"column":0},"end":{"line":793,"column":44}},"793":{"start":{"line":794,"column":0},"end":{"line":794,"column":32}},"794":{"start":{"line":795,"column":0},"end":{"line":795,"column":7}},"796":{"start":{"line":797,"column":0},"end":{"line":797,"column":66}},"797":{"start":{"line":798,"column":0},"end":{"line":798,"column":6}},"798":{"start":{"line":799,"column":0},"end":{"line":799,"column":48}},"799":{"start":{"line":800,"column":0},"end":{"line":800,"column":52}},"800":{"start":{"line":801,"column":0},"end":{"line":801,"column":52}},"801":{"start":{"line":802,"column":0},"end":{"line":802,"column":55}},"802":{"start":{"line":803,"column":0},"end":{"line":803,"column":46}},"803":{"start":{"line":804,"column":0},"end":{"line":804,"column":42}},"804":{"start":{"line":805,"column":0},"end":{"line":805,"column":34}},"805":{"start":{"line":806,"column":0},"end":{"line":806,"column":8}},"806":{"start":{"line":807,"column":0},"end":{"line":807,"column":51}},"807":{"start":{"line":808,"column":0},"end":{"line":808,"column":27}},"808":{"start":{"line":809,"column":0},"end":{"line":809,"column":37}},"809":{"start":{"line":810,"column":0},"end":{"line":810,"column":107}},"810":{"start":{"line":811,"column":0},"end":{"line":811,"column":74}},"811":{"start":{"line":812,"column":0},"end":{"line":812,"column":30}},"812":{"start":{"line":813,"column":0},"end":{"line":813,"column":43}},"813":{"start":{"line":814,"column":0},"end":{"line":814,"column":47}},"814":{"start":{"line":815,"column":0},"end":{"line":815,"column":16}},"815":{"start":{"line":816,"column":0},"end":{"line":816,"column":41}},"816":{"start":{"line":817,"column":0},"end":{"line":817,"column":9}},"817":{"start":{"line":818,"column":0},"end":{"line":818,"column":8}},"818":{"start":{"line":819,"column":0},"end":{"line":819,"column":57}},"819":{"start":{"line":820,"column":0},"end":{"line":820,"column":42}},"820":{"start":{"line":821,"column":0},"end":{"line":821,"column":36}},"821":{"start":{"line":822,"column":0},"end":{"line":822,"column":8}},"822":{"start":{"line":823,"column":0},"end":{"line":823,"column":43}},"823":{"start":{"line":824,"column":0},"end":{"line":824,"column":51}},"824":{"start":{"line":825,"column":0},"end":{"line":825,"column":70}},"825":{"start":{"line":826,"column":0},"end":{"line":826,"column":9}},"826":{"start":{"line":827,"column":0},"end":{"line":827,"column":9}},"828":{"start":{"line":829,"column":0},"end":{"line":829,"column":28}},"829":{"start":{"line":830,"column":0},"end":{"line":830,"column":95}},"830":{"start":{"line":831,"column":0},"end":{"line":831,"column":7}},"831":{"start":{"line":832,"column":0},"end":{"line":832,"column":6}},"832":{"start":{"line":833,"column":0},"end":{"line":833,"column":66}},"833":{"start":{"line":834,"column":0},"end":{"line":834,"column":34}},"834":{"start":{"line":835,"column":0},"end":{"line":835,"column":65}},"835":{"start":{"line":836,"column":0},"end":{"line":836,"column":6}},"836":{"start":{"line":837,"column":0},"end":{"line":837,"column":50}},"837":{"start":{"line":838,"column":0},"end":{"line":838,"column":44}},"838":{"start":{"line":839,"column":0},"end":{"line":839,"column":26}},"839":{"start":{"line":840,"column":0},"end":{"line":840,"column":36}},"840":{"start":{"line":841,"column":0},"end":{"line":841,"column":94}},"841":{"start":{"line":842,"column":0},"end":{"line":842,"column":67}},"842":{"start":{"line":843,"column":0},"end":{"line":843,"column":29}},"843":{"start":{"line":844,"column":0},"end":{"line":844,"column":42}},"844":{"start":{"line":845,"column":0},"end":{"line":845,"column":40}},"845":{"start":{"line":846,"column":0},"end":{"line":846,"column":16}},"846":{"start":{"line":847,"column":0},"end":{"line":847,"column":34}},"847":{"start":{"line":848,"column":0},"end":{"line":848,"column":9}},"848":{"start":{"line":849,"column":0},"end":{"line":849,"column":72}},"849":{"start":{"line":850,"column":0},"end":{"line":850,"column":52}},"850":{"start":{"line":851,"column":0},"end":{"line":851,"column":70}},"851":{"start":{"line":852,"column":0},"end":{"line":852,"column":9}},"852":{"start":{"line":853,"column":0},"end":{"line":853,"column":9}},"854":{"start":{"line":855,"column":0},"end":{"line":855,"column":29}},"855":{"start":{"line":856,"column":0},"end":{"line":856,"column":96}},"856":{"start":{"line":857,"column":0},"end":{"line":857,"column":7}},"857":{"start":{"line":858,"column":0},"end":{"line":858,"column":6}},"858":{"start":{"line":859,"column":0},"end":{"line":859,"column":65}},"859":{"start":{"line":860,"column":0},"end":{"line":860,"column":5}},"861":{"start":{"line":862,"column":0},"end":{"line":862,"column":28}},"862":{"start":{"line":863,"column":0},"end":{"line":863,"column":3}},"864":{"start":{"line":865,"column":0},"end":{"line":865,"column":37}},"865":{"start":{"line":866,"column":0},"end":{"line":866,"column":53}},"866":{"start":{"line":867,"column":0},"end":{"line":867,"column":4}},"867":{"start":{"line":868,"column":0},"end":{"line":868,"column":47}},"868":{"start":{"line":869,"column":0},"end":{"line":869,"column":40}},"869":{"start":{"line":870,"column":0},"end":{"line":870,"column":4}},"870":{"start":{"line":871,"column":0},"end":{"line":871,"column":23}},"871":{"start":{"line":872,"column":0},"end":{"line":872,"column":41}},"872":{"start":{"line":873,"column":0},"end":{"line":873,"column":5}},"874":{"start":{"line":875,"column":0},"end":{"line":875,"column":37}},"875":{"start":{"line":876,"column":0},"end":{"line":876,"column":39}},"876":{"start":{"line":877,"column":0},"end":{"line":877,"column":78}},"877":{"start":{"line":878,"column":0},"end":{"line":878,"column":84}},"879":{"start":{"line":880,"column":0},"end":{"line":880,"column":20}},"880":{"start":{"line":881,"column":0},"end":{"line":881,"column":49}},"881":{"start":{"line":882,"column":0},"end":{"line":882,"column":44}},"883":{"start":{"line":884,"column":0},"end":{"line":884,"column":48}},"884":{"start":{"line":885,"column":0},"end":{"line":885,"column":23}},"885":{"start":{"line":886,"column":0},"end":{"line":886,"column":52}},"886":{"start":{"line":887,"column":0},"end":{"line":887,"column":46}},"887":{"start":{"line":888,"column":0},"end":{"line":888,"column":50}},"888":{"start":{"line":889,"column":0},"end":{"line":889,"column":46}},"889":{"start":{"line":890,"column":0},"end":{"line":890,"column":58}},"890":{"start":{"line":891,"column":0},"end":{"line":891,"column":79}},"891":{"start":{"line":892,"column":0},"end":{"line":892,"column":67}},"892":{"start":{"line":893,"column":0},"end":{"line":893,"column":17}},"893":{"start":{"line":894,"column":0},"end":{"line":894,"column":9}},"894":{"start":{"line":895,"column":0},"end":{"line":895,"column":8}},"895":{"start":{"line":896,"column":0},"end":{"line":896,"column":25}},"896":{"start":{"line":897,"column":0},"end":{"line":897,"column":42}},"897":{"start":{"line":898,"column":0},"end":{"line":898,"column":16}},"898":{"start":{"line":899,"column":0},"end":{"line":899,"column":39}},"899":{"start":{"line":900,"column":0},"end":{"line":900,"column":9}},"900":{"start":{"line":901,"column":0},"end":{"line":901,"column":23}},"901":{"start":{"line":902,"column":0},"end":{"line":902,"column":9}},"902":{"start":{"line":903,"column":0},"end":{"line":903,"column":33}},"903":{"start":{"line":904,"column":0},"end":{"line":904,"column":5}},"905":{"start":{"line":906,"column":0},"end":{"line":906,"column":42}},"906":{"start":{"line":907,"column":0},"end":{"line":907,"column":23}},"907":{"start":{"line":908,"column":0},"end":{"line":908,"column":56}},"908":{"start":{"line":909,"column":0},"end":{"line":909,"column":55}},"910":{"start":{"line":911,"column":0},"end":{"line":911,"column":53}},"911":{"start":{"line":912,"column":0},"end":{"line":912,"column":44}},"912":{"start":{"line":913,"column":0},"end":{"line":913,"column":40}},"913":{"start":{"line":914,"column":0},"end":{"line":914,"column":6}},"914":{"start":{"line":915,"column":0},"end":{"line":915,"column":49}},"915":{"start":{"line":916,"column":0},"end":{"line":916,"column":38}},"916":{"start":{"line":917,"column":0},"end":{"line":917,"column":52}},"917":{"start":{"line":918,"column":0},"end":{"line":918,"column":50}},"918":{"start":{"line":919,"column":0},"end":{"line":919,"column":33}},"919":{"start":{"line":920,"column":0},"end":{"line":920,"column":8}},"920":{"start":{"line":921,"column":0},"end":{"line":921,"column":56}},"921":{"start":{"line":922,"column":0},"end":{"line":922,"column":58}},"922":{"start":{"line":923,"column":0},"end":{"line":923,"column":38}},"923":{"start":{"line":924,"column":0},"end":{"line":924,"column":51}},"924":{"start":{"line":925,"column":0},"end":{"line":925,"column":30}},"925":{"start":{"line":926,"column":0},"end":{"line":926,"column":72}},"926":{"start":{"line":927,"column":0},"end":{"line":927,"column":48}},"927":{"start":{"line":928,"column":0},"end":{"line":928,"column":11}},"928":{"start":{"line":929,"column":0},"end":{"line":929,"column":11}},"929":{"start":{"line":930,"column":0},"end":{"line":930,"column":36}},"931":{"start":{"line":932,"column":0},"end":{"line":932,"column":38}},"933":{"start":{"line":934,"column":0},"end":{"line":934,"column":58}},"934":{"start":{"line":935,"column":0},"end":{"line":935,"column":57}},"935":{"start":{"line":936,"column":0},"end":{"line":936,"column":40}},"936":{"start":{"line":937,"column":0},"end":{"line":937,"column":61}},"937":{"start":{"line":938,"column":0},"end":{"line":938,"column":11}},"938":{"start":{"line":939,"column":0},"end":{"line":939,"column":38}},"939":{"start":{"line":940,"column":0},"end":{"line":940,"column":42}},"940":{"start":{"line":941,"column":0},"end":{"line":941,"column":32}},"942":{"start":{"line":943,"column":0},"end":{"line":943,"column":57}},"943":{"start":{"line":944,"column":0},"end":{"line":944,"column":41}},"944":{"start":{"line":945,"column":0},"end":{"line":945,"column":41}},"945":{"start":{"line":946,"column":0},"end":{"line":946,"column":32}},"947":{"start":{"line":948,"column":0},"end":{"line":948,"column":68}},"948":{"start":{"line":949,"column":0},"end":{"line":949,"column":68}},"949":{"start":{"line":950,"column":0},"end":{"line":950,"column":7}},"951":{"start":{"line":952,"column":0},"end":{"line":952,"column":38}},"952":{"start":{"line":953,"column":0},"end":{"line":953,"column":37}},"953":{"start":{"line":954,"column":0},"end":{"line":954,"column":5}},"955":{"start":{"line":956,"column":0},"end":{"line":956,"column":19}},"956":{"start":{"line":957,"column":0},"end":{"line":957,"column":53}},"957":{"start":{"line":958,"column":0},"end":{"line":958,"column":66}},"959":{"start":{"line":960,"column":0},"end":{"line":960,"column":23}},"960":{"start":{"line":961,"column":0},"end":{"line":961,"column":23}},"961":{"start":{"line":962,"column":0},"end":{"line":962,"column":32}},"962":{"start":{"line":963,"column":0},"end":{"line":963,"column":62}},"963":{"start":{"line":964,"column":0},"end":{"line":964,"column":59}},"964":{"start":{"line":965,"column":0},"end":{"line":965,"column":76}},"966":{"start":{"line":967,"column":0},"end":{"line":967,"column":32}},"967":{"start":{"line":968,"column":0},"end":{"line":968,"column":53}},"968":{"start":{"line":969,"column":0},"end":{"line":969,"column":56}},"969":{"start":{"line":970,"column":0},"end":{"line":970,"column":63}},"970":{"start":{"line":971,"column":0},"end":{"line":971,"column":51}},"971":{"start":{"line":972,"column":0},"end":{"line":972,"column":13}},"972":{"start":{"line":973,"column":0},"end":{"line":973,"column":38}},"973":{"start":{"line":974,"column":0},"end":{"line":974,"column":42}},"974":{"start":{"line":975,"column":0},"end":{"line":975,"column":50}},"975":{"start":{"line":976,"column":0},"end":{"line":976,"column":70}},"976":{"start":{"line":977,"column":0},"end":{"line":977,"column":51}},"977":{"start":{"line":978,"column":0},"end":{"line":978,"column":13}},"978":{"start":{"line":979,"column":0},"end":{"line":979,"column":9}},"980":{"start":{"line":981,"column":0},"end":{"line":981,"column":33}},"981":{"start":{"line":982,"column":0},"end":{"line":982,"column":42}},"982":{"start":{"line":983,"column":0},"end":{"line":983,"column":14}},"983":{"start":{"line":984,"column":0},"end":{"line":984,"column":33}},"984":{"start":{"line":985,"column":0},"end":{"line":985,"column":54}},"985":{"start":{"line":986,"column":0},"end":{"line":986,"column":39}},"986":{"start":{"line":987,"column":0},"end":{"line":987,"column":38}},"987":{"start":{"line":988,"column":0},"end":{"line":988,"column":33}},"988":{"start":{"line":989,"column":0},"end":{"line":989,"column":7}},"989":{"start":{"line":990,"column":0},"end":{"line":990,"column":12}},"990":{"start":{"line":991,"column":0},"end":{"line":991,"column":26}},"991":{"start":{"line":992,"column":0},"end":{"line":992,"column":31}},"992":{"start":{"line":993,"column":0},"end":{"line":993,"column":30}},"993":{"start":{"line":994,"column":0},"end":{"line":994,"column":36}},"994":{"start":{"line":995,"column":0},"end":{"line":995,"column":35}},"995":{"start":{"line":996,"column":0},"end":{"line":996,"column":30}},"996":{"start":{"line":997,"column":0},"end":{"line":997,"column":40}},"997":{"start":{"line":998,"column":0},"end":{"line":998,"column":35}},"998":{"start":{"line":999,"column":0},"end":{"line":999,"column":7}},"999":{"start":{"line":1000,"column":0},"end":{"line":1000,"column":43}},"1000":{"start":{"line":1001,"column":0},"end":{"line":1001,"column":36}},"1001":{"start":{"line":1002,"column":0},"end":{"line":1002,"column":31}},"1002":{"start":{"line":1003,"column":0},"end":{"line":1003,"column":5}},"1004":{"start":{"line":1005,"column":0},"end":{"line":1005,"column":51}},"1005":{"start":{"line":1006,"column":0},"end":{"line":1006,"column":49}},"1006":{"start":{"line":1007,"column":0},"end":{"line":1007,"column":55}},"1007":{"start":{"line":1008,"column":0},"end":{"line":1008,"column":47}},"1008":{"start":{"line":1009,"column":0},"end":{"line":1009,"column":42}},"1009":{"start":{"line":1010,"column":0},"end":{"line":1010,"column":36}},"1010":{"start":{"line":1011,"column":0},"end":{"line":1011,"column":5}},"1012":{"start":{"line":1013,"column":0},"end":{"line":1013,"column":49}},"1013":{"start":{"line":1014,"column":0},"end":{"line":1014,"column":41}},"1014":{"start":{"line":1015,"column":0},"end":{"line":1015,"column":56}},"1015":{"start":{"line":1016,"column":0},"end":{"line":1016,"column":49}},"1016":{"start":{"line":1017,"column":0},"end":{"line":1017,"column":44}},"1017":{"start":{"line":1018,"column":0},"end":{"line":1018,"column":37}},"1018":{"start":{"line":1019,"column":0},"end":{"line":1019,"column":5}},"1020":{"start":{"line":1021,"column":0},"end":{"line":1021,"column":16}},"1021":{"start":{"line":1022,"column":0},"end":{"line":1022,"column":3}},"1022":{"start":{"line":1023,"column":0},"end":{"line":1023,"column":1}},"1024":{"start":{"line":1025,"column":0},"end":{"line":1025,"column":60}},"1025":{"start":{"line":1026,"column":0},"end":{"line":1026,"column":82}},"1026":{"start":{"line":1027,"column":0},"end":{"line":1027,"column":60}},"1027":{"start":{"line":1028,"column":0},"end":{"line":1028,"column":1}},"1029":{"start":{"line":1030,"column":0},"end":{"line":1030,"column":60}},"1030":{"start":{"line":1031,"column":0},"end":{"line":1031,"column":38}},"1032":{"start":{"line":1033,"column":0},"end":{"line":1033,"column":26}},"1033":{"start":{"line":1034,"column":0},"end":{"line":1034,"column":5}},"1034":{"start":{"line":1035,"column":0},"end":{"line":1035,"column":56}},"1035":{"start":{"line":1036,"column":0},"end":{"line":1036,"column":63}},"1036":{"start":{"line":1037,"column":0},"end":{"line":1037,"column":5}},"1037":{"start":{"line":1038,"column":0},"end":{"line":1038,"column":77}},"1039":{"start":{"line":1040,"column":0},"end":{"line":1040,"column":5}},"1040":{"start":{"line":1041,"column":0},"end":{"line":1041,"column":59}},"1041":{"start":{"line":1042,"column":0},"end":{"line":1042,"column":47}},"1042":{"start":{"line":1043,"column":0},"end":{"line":1043,"column":59}},"1043":{"start":{"line":1044,"column":0},"end":{"line":1044,"column":83}},"1044":{"start":{"line":1045,"column":0},"end":{"line":1045,"column":47}},"1045":{"start":{"line":1046,"column":0},"end":{"line":1046,"column":5}},"1046":{"start":{"line":1047,"column":0},"end":{"line":1047,"column":37}},"1047":{"start":{"line":1048,"column":0},"end":{"line":1048,"column":72}},"1048":{"start":{"line":1049,"column":0},"end":{"line":1049,"column":30}},"1049":{"start":{"line":1050,"column":0},"end":{"line":1050,"column":19}},"1050":{"start":{"line":1051,"column":0},"end":{"line":1051,"column":35}},"1051":{"start":{"line":1052,"column":0},"end":{"line":1052,"column":24}},"1052":{"start":{"line":1053,"column":0},"end":{"line":1053,"column":53}},"1053":{"start":{"line":1054,"column":0},"end":{"line":1054,"column":22}},"1054":{"start":{"line":1055,"column":0},"end":{"line":1055,"column":12}},"1055":{"start":{"line":1056,"column":0},"end":{"line":1056,"column":11}},"1056":{"start":{"line":1057,"column":0},"end":{"line":1057,"column":42}},"1057":{"start":{"line":1058,"column":0},"end":{"line":1058,"column":23}},"1058":{"start":{"line":1059,"column":0},"end":{"line":1059,"column":61}},"1059":{"start":{"line":1060,"column":0},"end":{"line":1060,"column":7}},"1060":{"start":{"line":1061,"column":0},"end":{"line":1061,"column":5}},"1061":{"start":{"line":1062,"column":0},"end":{"line":1062,"column":4}},"1062":{"start":{"line":1063,"column":0},"end":{"line":1063,"column":46}},"1063":{"start":{"line":1064,"column":0},"end":{"line":1064,"column":42}},"1064":{"start":{"line":1065,"column":0},"end":{"line":1065,"column":29}},"1065":{"start":{"line":1066,"column":0},"end":{"line":1066,"column":28}},"1066":{"start":{"line":1067,"column":0},"end":{"line":1067,"column":28}},"1067":{"start":{"line":1068,"column":0},"end":{"line":1068,"column":30}},"1068":{"start":{"line":1069,"column":0},"end":{"line":1069,"column":30}},"1069":{"start":{"line":1070,"column":0},"end":{"line":1070,"column":4}},"1070":{"start":{"line":1071,"column":0},"end":{"line":1071,"column":21}},"1071":{"start":{"line":1072,"column":0},"end":{"line":1072,"column":43}},"1072":{"start":{"line":1073,"column":0},"end":{"line":1073,"column":19}},"1073":{"start":{"line":1074,"column":0},"end":{"line":1074,"column":31}},"1074":{"start":{"line":1075,"column":0},"end":{"line":1075,"column":30}},"1075":{"start":{"line":1076,"column":0},"end":{"line":1076,"column":30}},"1076":{"start":{"line":1077,"column":0},"end":{"line":1077,"column":32}},"1077":{"start":{"line":1078,"column":0},"end":{"line":1078,"column":37}},"1078":{"start":{"line":1079,"column":0},"end":{"line":1079,"column":4}},"1079":{"start":{"line":1080,"column":0},"end":{"line":1080,"column":107}},"1080":{"start":{"line":1081,"column":0},"end":{"line":1081,"column":3}},"1081":{"start":{"line":1082,"column":0},"end":{"line":1082,"column":2}},"1083":{"start":{"line":1084,"column":0},"end":{"line":1084,"column":61}},"1084":{"start":{"line":1085,"column":0},"end":{"line":1085,"column":37}},"1085":{"start":{"line":1086,"column":0},"end":{"line":1086,"column":34}},"1086":{"start":{"line":1087,"column":0},"end":{"line":1087,"column":14}},"1087":{"start":{"line":1088,"column":0},"end":{"line":1088,"column":3}},"1088":{"start":{"line":1089,"column":0},"end":{"line":1089,"column":2}},"1089":{"start":{"line":1090,"column":0},"end":{"line":1090,"column":35}},"1090":{"start":{"line":1091,"column":0},"end":{"line":1091,"column":2}},"1091":{"start":{"line":1092,"column":0},"end":{"line":1092,"column":10}},"1092":{"start":{"line":1093,"column":0},"end":{"line":1093,"column":35}},"1093":{"start":{"line":1094,"column":0},"end":{"line":1094,"column":37}},"1094":{"start":{"line":1095,"column":0},"end":{"line":1095,"column":2}},"1095":{"start":{"line":1096,"column":0},"end":{"line":1096,"column":41}},"1096":{"start":{"line":1097,"column":0},"end":{"line":1097,"column":49}},"1097":{"start":{"line":1098,"column":0},"end":{"line":1098,"column":19}},"1098":{"start":{"line":1099,"column":0},"end":{"line":1099,"column":14}},"1099":{"start":{"line":1100,"column":0},"end":{"line":1100,"column":42}},"1100":{"start":{"line":1101,"column":0},"end":{"line":1101,"column":22}},"1101":{"start":{"line":1102,"column":0},"end":{"line":1102,"column":25}},"1102":{"start":{"line":1103,"column":0},"end":{"line":1103,"column":31}},"1103":{"start":{"line":1104,"column":0},"end":{"line":1104,"column":28}},"1104":{"start":{"line":1105,"column":0},"end":{"line":1105,"column":28}},"1105":{"start":{"line":1106,"column":0},"end":{"line":1106,"column":23}},"1106":{"start":{"line":1107,"column":0},"end":{"line":1107,"column":17}},"1107":{"start":{"line":1108,"column":0},"end":{"line":1108,"column":8}},"1108":{"start":{"line":1109,"column":0},"end":{"line":1109,"column":23}},"1109":{"start":{"line":1110,"column":0},"end":{"line":1110,"column":28}},"1110":{"start":{"line":1111,"column":0},"end":{"line":1111,"column":38}},"1111":{"start":{"line":1112,"column":0},"end":{"line":1112,"column":37}},"1112":{"start":{"line":1113,"column":0},"end":{"line":1113,"column":37}},"1113":{"start":{"line":1114,"column":0},"end":{"line":1114,"column":28}},"1114":{"start":{"line":1115,"column":0},"end":{"line":1115,"column":28}},"1115":{"start":{"line":1116,"column":0},"end":{"line":1116,"column":5}},"1117":{"start":{"line":1118,"column":0},"end":{"line":1118,"column":37}},"1118":{"start":{"line":1119,"column":0},"end":{"line":1119,"column":41}},"1119":{"start":{"line":1120,"column":0},"end":{"line":1120,"column":5}},"1121":{"start":{"line":1122,"column":0},"end":{"line":1122,"column":25}},"1122":{"start":{"line":1123,"column":0},"end":{"line":1123,"column":33}},"1123":{"start":{"line":1124,"column":0},"end":{"line":1124,"column":20}},"1124":{"start":{"line":1125,"column":0},"end":{"line":1125,"column":5}},"1126":{"start":{"line":1127,"column":0},"end":{"line":1127,"column":56}},"1127":{"start":{"line":1128,"column":0},"end":{"line":1128,"column":34}},"1128":{"start":{"line":1129,"column":0},"end":{"line":1129,"column":22}},"1129":{"start":{"line":1130,"column":0},"end":{"line":1130,"column":7}},"1130":{"start":{"line":1131,"column":0},"end":{"line":1131,"column":5}},"1132":{"start":{"line":1133,"column":0},"end":{"line":1133,"column":27}},"1133":{"start":{"line":1134,"column":0},"end":{"line":1134,"column":51}},"1134":{"start":{"line":1135,"column":0},"end":{"line":1135,"column":82}},"1135":{"start":{"line":1136,"column":0},"end":{"line":1136,"column":9}},"1136":{"start":{"line":1137,"column":0},"end":{"line":1137,"column":49}},"1137":{"start":{"line":1138,"column":0},"end":{"line":1138,"column":83}},"1138":{"start":{"line":1139,"column":0},"end":{"line":1139,"column":9}},"1139":{"start":{"line":1140,"column":0},"end":{"line":1140,"column":5}},"1141":{"start":{"line":1142,"column":0},"end":{"line":1142,"column":17}},"1142":{"start":{"line":1143,"column":0},"end":{"line":1143,"column":15}},"1143":{"start":{"line":1144,"column":0},"end":{"line":1144,"column":32}},"1144":{"start":{"line":1145,"column":0},"end":{"line":1145,"column":33}},"1145":{"start":{"line":1146,"column":0},"end":{"line":1146,"column":27}},"1146":{"start":{"line":1147,"column":0},"end":{"line":1147,"column":22}},"1147":{"start":{"line":1148,"column":0},"end":{"line":1148,"column":27}},"1148":{"start":{"line":1149,"column":0},"end":{"line":1149,"column":24}},"1149":{"start":{"line":1150,"column":0},"end":{"line":1150,"column":33}},"1150":{"start":{"line":1151,"column":0},"end":{"line":1151,"column":29}},"1151":{"start":{"line":1152,"column":0},"end":{"line":1152,"column":24}},"1152":{"start":{"line":1153,"column":0},"end":{"line":1153,"column":9}},"1153":{"start":{"line":1154,"column":0},"end":{"line":1154,"column":28}},"1154":{"start":{"line":1155,"column":0},"end":{"line":1155,"column":28}},"1155":{"start":{"line":1156,"column":0},"end":{"line":1156,"column":27}},"1156":{"start":{"line":1157,"column":0},"end":{"line":1157,"column":29}},"1157":{"start":{"line":1158,"column":0},"end":{"line":1158,"column":9}},"1158":{"start":{"line":1159,"column":0},"end":{"line":1159,"column":27}},"1159":{"start":{"line":1160,"column":0},"end":{"line":1160,"column":29}},"1160":{"start":{"line":1161,"column":0},"end":{"line":1161,"column":9}},"1161":{"start":{"line":1162,"column":0},"end":{"line":1162,"column":29}},"1162":{"start":{"line":1163,"column":0},"end":{"line":1163,"column":24}},"1163":{"start":{"line":1164,"column":0},"end":{"line":1164,"column":34}},"1164":{"start":{"line":1165,"column":0},"end":{"line":1165,"column":19}},"1165":{"start":{"line":1166,"column":0},"end":{"line":1166,"column":29}},"1166":{"start":{"line":1167,"column":0},"end":{"line":1167,"column":27}},"1167":{"start":{"line":1168,"column":0},"end":{"line":1168,"column":9}},"1168":{"start":{"line":1169,"column":0},"end":{"line":1169,"column":29}},"1169":{"start":{"line":1170,"column":0},"end":{"line":1170,"column":26}},"1170":{"start":{"line":1171,"column":0},"end":{"line":1171,"column":28}},"1171":{"start":{"line":1172,"column":0},"end":{"line":1172,"column":22}},"1172":{"start":{"line":1173,"column":0},"end":{"line":1173,"column":23}},"1173":{"start":{"line":1174,"column":0},"end":{"line":1174,"column":31}},"1174":{"start":{"line":1175,"column":0},"end":{"line":1175,"column":30}},"1175":{"start":{"line":1176,"column":0},"end":{"line":1176,"column":34}},"1176":{"start":{"line":1177,"column":0},"end":{"line":1177,"column":29}},"1177":{"start":{"line":1178,"column":0},"end":{"line":1178,"column":18}},"1178":{"start":{"line":1179,"column":0},"end":{"line":1179,"column":17}},"1179":{"start":{"line":1180,"column":0},"end":{"line":1180,"column":22}},"1180":{"start":{"line":1181,"column":0},"end":{"line":1181,"column":9}},"1181":{"start":{"line":1182,"column":0},"end":{"line":1182,"column":26}},"1182":{"start":{"line":1183,"column":0},"end":{"line":1183,"column":25}},"1183":{"start":{"line":1184,"column":0},"end":{"line":1184,"column":29}},"1184":{"start":{"line":1185,"column":0},"end":{"line":1185,"column":26}},"1185":{"start":{"line":1186,"column":0},"end":{"line":1186,"column":9}},"1186":{"start":{"line":1187,"column":0},"end":{"line":1187,"column":28}},"1187":{"start":{"line":1188,"column":0},"end":{"line":1188,"column":22}},"1188":{"start":{"line":1189,"column":0},"end":{"line":1189,"column":18}},"1189":{"start":{"line":1190,"column":0},"end":{"line":1190,"column":9}},"1190":{"start":{"line":1191,"column":0},"end":{"line":1191,"column":47}},"1191":{"start":{"line":1192,"column":0},"end":{"line":1192,"column":47}},"1192":{"start":{"line":1193,"column":0},"end":{"line":1193,"column":48}},"1193":{"start":{"line":1194,"column":0},"end":{"line":1194,"column":65}},"1194":{"start":{"line":1195,"column":0},"end":{"line":1195,"column":70}},"1195":{"start":{"line":1196,"column":0},"end":{"line":1196,"column":69}},"1196":{"start":{"line":1197,"column":0},"end":{"line":1197,"column":67}},"1197":{"start":{"line":1198,"column":0},"end":{"line":1198,"column":47}},"1198":{"start":{"line":1199,"column":0},"end":{"line":1199,"column":46}},"1199":{"start":{"line":1200,"column":0},"end":{"line":1200,"column":44}},"1200":{"start":{"line":1201,"column":0},"end":{"line":1201,"column":49}},"1201":{"start":{"line":1202,"column":0},"end":{"line":1202,"column":49}},"1202":{"start":{"line":1203,"column":0},"end":{"line":1203,"column":69}},"1203":{"start":{"line":1204,"column":0},"end":{"line":1204,"column":75}},"1204":{"start":{"line":1205,"column":0},"end":{"line":1205,"column":61}},"1205":{"start":{"line":1206,"column":0},"end":{"line":1206,"column":45}},"1206":{"start":{"line":1207,"column":0},"end":{"line":1207,"column":9}},"1207":{"start":{"line":1208,"column":0},"end":{"line":1208,"column":5}},"1209":{"start":{"line":1210,"column":0},"end":{"line":1210,"column":14}},"1210":{"start":{"line":1211,"column":0},"end":{"line":1211,"column":54}},"1211":{"start":{"line":1212,"column":0},"end":{"line":1212,"column":58}},"1212":{"start":{"line":1213,"column":0},"end":{"line":1213,"column":6}},"1213":{"start":{"line":1214,"column":0},"end":{"line":1214,"column":28}},"1215":{"start":{"line":1216,"column":0},"end":{"line":1216,"column":11}},"1216":{"start":{"line":1217,"column":0},"end":{"line":1217,"column":42}},"1217":{"start":{"line":1218,"column":0},"end":{"line":1218,"column":25}},"1218":{"start":{"line":1219,"column":0},"end":{"line":1219,"column":34}},"1219":{"start":{"line":1220,"column":0},"end":{"line":1220,"column":19}},"1220":{"start":{"line":1221,"column":0},"end":{"line":1221,"column":54}},"1221":{"start":{"line":1222,"column":0},"end":{"line":1222,"column":15}},"1222":{"start":{"line":1223,"column":0},"end":{"line":1223,"column":7}},"1224":{"start":{"line":1225,"column":0},"end":{"line":1225,"column":34}},"1225":{"start":{"line":1226,"column":0},"end":{"line":1226,"column":231}},"1227":{"start":{"line":1228,"column":0},"end":{"line":1228,"column":76}},"1228":{"start":{"line":1229,"column":0},"end":{"line":1229,"column":52}},"1229":{"start":{"line":1230,"column":0},"end":{"line":1230,"column":32}},"1230":{"start":{"line":1231,"column":0},"end":{"line":1231,"column":5}},"1232":{"start":{"line":1233,"column":0},"end":{"line":1233,"column":20}},"1233":{"start":{"line":1234,"column":0},"end":{"line":1234,"column":40}},"1234":{"start":{"line":1235,"column":0},"end":{"line":1235,"column":47}},"1235":{"start":{"line":1236,"column":0},"end":{"line":1236,"column":47}},"1236":{"start":{"line":1237,"column":0},"end":{"line":1237,"column":85}},"1237":{"start":{"line":1238,"column":0},"end":{"line":1238,"column":111}},"1238":{"start":{"line":1239,"column":0},"end":{"line":1239,"column":97}},"1239":{"start":{"line":1240,"column":0},"end":{"line":1240,"column":26}},"1240":{"start":{"line":1241,"column":0},"end":{"line":1241,"column":5}},"1242":{"start":{"line":1243,"column":0},"end":{"line":1243,"column":
[...]
:3}},"locations":[{"start":{"line":34,"column":72},"end":{"line":36,"column":3}}]},"9":{"type":"branch","line":36,"loc":{"start":{"line":36,"column":2},"end":{"line":43,"column":4}},"locations":[{"start":{"line":36,"column":2},"end":{"line":43,"column":4}}]},"10":{"type":"branch","line":43,"loc":{"start":{"line":43,"column":4},"end":{"line":46,"column":3}},"locations":[{"start":{"line":43,"column":4},"end":{"line":46,"column":3}}]},"11":{"type":"branch","line":46,"loc":{"start":{"line":46,"column":2},"end":{"line":47,"column":34}},"locations":[{"start":{"line":46,"column":2},"end":{"line":47,"column":34}}]},"12":{"type":"branch","line":47,"loc":{"start":{"line":47,"column":34},"end":{"line":49,"column":3}},"locations":[{"start":{"line":47,"column":34},"end":{"line":49,"column":3}}]},"13":{"type":"branch","line":49,"loc":{"start":{"line":49,"column":2},"end":{"line":175,"column":1}},"locations":[{"start":{"line":49,"column":2},"end":{"line":175,"column":1}}]},"14":{"type":"branch","line":56,"loc":{"start":{"line":56,"column":2},"end":{"line":94,"column":3}},"locations":[{"start":{"line":56,"column":2},"end":{"line":94,"column":3}}]},"15":{"type":"branch","line":57,"loc":{"start":{"line":57,"column":35},"end":{"line":59,"column":5}},"locations":[{"start":{"line":57,"column":35},"end":{"line":59,"column":5}}]},"16":{"type":"branch","line":59,"loc":{"start":{"line":59,"column":4},"end":{"line":63,"column":27}},"locations":[{"start":{"line":59,"column":4},"end":{"line":63,"column":27}}]},"17":{"type":"branch","line":63,"loc":{"start":{"line":63,"column":27},"end":{"line":63,"column":50}},"locations":[{"start":{"line":63,"column":27},"end":{"line":63,"column":50}}]},"18":{"type":"branch","line":63,"loc":{"start":{"line":63,"column":52},"end":{"line":65,"column":5}},"locations":[{"start":{"line":63,"column":52},"end":{"line":65,"column":5}}]},"19":{"type":"branch","line":65,"loc":{"start":{"line":65,"column":5},"end":{"line":88,"column":45}},"locations":[{"start":{"line":65,"column":5},"end":{"line":88,"column":45}}]},"20":{"type":"branch","line":65,"loc":{"start":{"line":65,"column":5},"end":{"line":86,"column":5}},"locations":[{"start":{"line":65,"column":5},"end":{"line":86,"column":5}}]},"21":{"type":"branch","line":66,"loc":{"start":{"line":66,"column":46},"end":{"line":73,"column":7}},"locations":[{"start":{"line":66,"column":46},"end":{"line":73,"column":7}}]},"22":{"type":"branch","line":67,"loc":{"start":{"line":67,"column":38},"end":{"line":67,"column":55}},"locations":[{"start":{"line":67,"column":38},"end":{"line":67,"column":55}}]},"23":{"type":"branch","line":67,"loc":{"start":{"line":67,"column":57},"end":{"line":72,"column":9}},"locations":[{"start":{"line":67,"column":57},"end":{"line":72,"column":9}}]},"24":{"type":"branch","line":68,"loc":{"start":{"line":68,"column":36},"end":{"line":68,"column":63}},"locations":[{"start":{"line":68,"column":36},"end":{"line":68,"column":63}}]},"25":{"type":"branch","line":68,"loc":{"start":{"line":68,"column":65},"end":{"line":71,"column":11}},"locations":[{"start":{"line":68,"column":65},"end":{"line":71,"column":11}}]},"26":{"type":"branch","line":69,"loc":{"start":{"line":69,"column":41},"end":{"line":69,"column":54}},"locations":[{"start":{"line":69,"column":41},"end":{"line":69,"column":54}}]},"27":{"type":"branch","line":74,"loc":{"start":{"line":74,"column":27},"end":{"line":85,"column":7}},"locations":[{"start":{"line":74,"column":27},"end":{"line":85,"column":7}}]},"28":{"type":"branch","line":75,"loc":{"start":{"line":75,"column":48},"end":{"line":84,"column":9}},"locations":[{"start":{"line":75,"column":48},"end":{"line":84,"column":9}}]},"29":{"type":"branch","line":76,"loc":{"start":{"line":76,"column":40},"end":{"line":76,"column":56}},"locations":[{"start":{"line":76,"column":40},"end":{"line":76,"column":56}}]},"30":{"type":"branch","line":76,"loc":{"start":{"line":76,"column":58},"end":{"line":83,"column":11}},"locations":[{"start":{"line":76,"column":58},"end":{"line":83,"column":11}}]},"31":{"type":"branch","line":77,"loc":{"start":{"line":77,"column":36},"end":{"line":79,"column":13}},"locations":[{"start":{"line":77,"column":36},"end":{"line":79,"column":13}}]},"32":{"type":"branch","line":79,"loc":{"start":{"line":79,"column":13},"end":{"line":81,"column":13}},"locations":[{"start":{"line":79,"column":13},"end":{"line":81,"column":13}}]},"33":{"type":"branch","line":86,"loc":{"start":{"line":86,"column":4},"end":{"line":88,"column":45}},"locations":[{"start":{"line":86,"column":4},"end":{"line":88,"column":45}}]},"34":{"type":"branch","line":86,"loc":{"start":{"line":86,"column":4},"end":{"line":88,"column":24}},"locations":[{"start":{"line":86,"column":4},"end":{"line":88,"column":24}}]},"35":{"type":"branch","line":88,"loc":{"start":{"line":88,"column":24},"end":{"line":88,"column":45}},"locations":[{"start":{"line":88,"column":24},"end":{"line":88,"column":45}}]},"36":{"type":"branch","line":88,"loc":{"start":{"line":88,"column":46},"end":{"line":88,"column":70}},"locations":[{"start":{"line":88,"column":46},"end":{"line":88,"column":70}}]},"37":{"type":"branch","line":88,"loc":{"start":{"line":88,"column":72},"end":{"line":90,"column":5}},"locations":[{"start":{"line":88,"column":72},"end":{"line":90,"column":5}}]},"38":{"type":"branch","line":90,"loc":{"start":{"line":90,"column":4},"end":{"line":94,"column":2}},"locations":[{"start":{"line":90,"column":4},"end":{"line":94,"column":2}}]},"39":{"type":"branch","line":99,"loc":{"start":{"line":99,"column":2},"end":{"line":144,"column":3}},"locations":[{"start":{"line":99,"column":2},"end":{"line":144,"column":3}}]},"40":{"type":"branch","line":100,"loc":{"start":{"line":100,"column":19},"end":{"line":103,"column":5}},"locations":[{"start":{"line":100,"column":19},"end":{"line":103,"column":5}}]},"41":{"type":"branch","line":102,"loc":{"start":{"line":102,"column":32},"end":{"line":102,"column":67}},"locations":[{"start":{"line":102,"column":32},"end":{"line":102,"column":67}}]},"42":{"type":"branch","line":104,"loc":{"start":{"line":104,"column":21},"end":{"line":104,"column":49}},"locations":[{"start":{"line":104,"column":21},"end":{"line":104,"column":49}}]},"43":{"type":"branch","line":104,"loc":{"start":{"line":104,"column":50},"end":{"line":104,"column":67}},"locations":[{"start":{"line":104,"column":50},"end":{"line":104,"column":67}}]},"44":{"type":"branch","line":104,"loc":{"start":{"line":104,"column":68},"end":{"line":104,"column":102}},"locations":[{"start":{"line":104,"column":68},"end":{"line":104,"column":102}}]},"45":{"type":"branch","line":104,"loc":{"start":{"line":104,"column":104},"end":{"line":110,"column":5}},"locations":[{"start":{"line":104,"column":104},"end":{"line":110,"column":5}}]},"46":{"type":"branch","line":107,"loc":{"start":{"line":107,"column":32},"end":{"line":109,"column":7}},"locations":[{"start":{"line":107,"column":32},"end":{"line":109,"column":7}}]},"47":{"type":"branch","line":111,"loc":{"start":{"line":111,"column":29},"end":{"line":111,"column":54}},"locations":[{"start":{"line":111,"column":29},"end":{"line":111,"column":54}}]},"48":{"type":"branch","line":111,"loc":{"start":{"line":111,"column":53},"end":{"line":112,"column":24}},"locations":[{"start":{"line":111,"column":53},"end":{"line":112,"column":24}}]},"49":{"type":"branch","line":112,"loc":{"start":{"line":112,"column":24},"end":{"line":112,"column":38}},"locations":[{"start":{"line":112,"column":24},"end":{"line":112,"column":38}}]},"50":{"type":"branch","line":112,"loc":{"start":{"line":112,"column":37},"end":{"line":113,"column":37}},"locations":[{"start":{"line":112,"column":37},"end":{"line":113,"column":37}}]},"51":{"type":"branch","line":113,"loc":{"start":{"line":113,"column":37},"end":{"line":116,"column":5}},"locations":[{"start":{"line":113,"column":37},"end":{"line":116,"column":5}}]},"52":{"type":"branch","line":116,"loc":{"start":{"line":116,"column":4},"end":{"line":117,"column":35}},"locations":[{"start":{"line":116,"column":4},"end":{"line":117,"column":35}}]},"53":{"type":"branch","line":117,"loc":{"start":{"line":117,"column":35},"end":{"line":117,"column":82}},"locations":[{"start":{"line":117,"column":35},"end":{"line":117,"column":82}}]},"54":{"type":"branch","line":117,"loc":{"start":{"line":117,"column":81},"end":{"line":118,"column":35}},"locations":[{"start":{"line":117,"column":81},"end":{"line":118,"column":35}}]},"55":{"type":"branch","line":118,"loc":{"start":{"line":118,"column":35},"end":{"line":118,"column":66}},"locations":[{"start":{"line":118,"column":35},"end":{"line":118,"column":66}}]},"56":{"type":"branch","line":118,"loc":{"start":{"line":118,"column":65},"end":{"line":119,"column":31}},"locations":[{"start":{"line":118,"column":65},"end":{"line":119,"column":31}}]},"57":{"type":"branch","line":119,"loc":{"start":{"line":119,"column":31},"end":{"line":119,"column":60}},"locations":[{"start":{"line":119,"column":31},"end":{"line":119,"column":60}}]},"58":{"type":"branch","line":119,"loc":{"start":{"line":119,"column":59},"end":{"line":120,"column":35}},"locations":[{"start":{"line":119,"column":59},"end":{"line":120,"column":35}}]},"59":{"type":"branch","line":120,"loc":{"start":{"line":120,"column":35},"end":{"line":140,"column":35}},"locations":[{"start":{"line":120,"column":35},"end":{"line":140,"column":35}}]},"60":{"type":"branch","line":120,"loc":{"start":{"line":120,"column":35},"end":{"line":139,"column":5}},"locations":[{"start":{"line":120,"column":35},"end":{"line":139,"column":5}}]},"61":{"type":"branch","line":121,"loc":{"start":{"line":121,"column":32},"end":{"line":131,"column":7}},"locations":[{"start":{"line":121,"column":32},"end":{"line":131,"column":7}}]},"62":{"type":"branch","line":122,"loc":{"start":{"line":122,"column":48},"end":{"line":122,"column":52}},"locations":[{"start":{"line":122,"column":48},"end":{"line":122,"column":52}}]},"63":{"type":"branch","line":123,"loc":{"start":{"line":123,"column":46},"end":{"line":130,"column":9}},"locations":[{"start":{"line":123,"column":46},"end":{"line":130,"column":9}}]},"64":{"type":"branch","line":123,"loc":{"start":{"line":123,"column":46},"end":{"line":128,"column":9}},"locations":[{"start":{"line":123,"column":46},"end":{"line":128,"column":9}}]},"65":{"type":"branch","line":126,"loc":{"start":{"line":126,"column":12},"end":{"line":126,"column":52}},"locations":[{"start":{"line":126,"column":12},"end":{"line":126,"column":52}}]},"66":{"type":"branch","line":128,"loc":{"start":{"line":128,"column":9},"end":{"line":130,"column":9}},"locations":[{"start":{"line":128,"column":9},"end":{"line":130,"column":9}}]},"67":{"type":"branch","line":129,"loc":{"start":{"line":129,"column":52},"end":{"line":129,"column":59}},"locations":[{"start":{"line":129,"column":52},"end":{"line":129,"column":59}}]},"68":{"type":"branch","line":131,"loc":{"start":{"line":131,"column":6},"end":{"line":133,"column":46}},"locations":[{"start":{"line":131,"column":6},"end":{"line":133,"column":46}}]},"69":{"type":"branch","line":131,"loc":{"start":{"line":131,"column":6},"end":{"line":132,"column":28}},"locations":[{"start":{"line":131,"column":6},"end":{"line":132,"column":28}}]},"70":{"type":"branch","line":132,"loc":{"start":{"line":132,"column":28},"end":{"line":132,"column":50}},"locations":[{"start":{"line":132,"column":28},"end":{"line":132,"column":50}}]},"71":{"type":"branch","line":132,"loc":{"start":{"line":132,"column":49},"end":{"line":133,"column":46}},"locations":[{"start":{"line":132,"column":49},"end":{"line":133,"column":46}}]},"72":{"type":"branch","line":133,"loc":{"start":{"line":133,"column":46},"end":{"line":135,"column":7}},"locations":[{"start":{"line":133,"column":46},"end":{"line":135,"column":7}}]},"73":{"type":"branch","line":135,"loc":{"start":{"line":135,"column":6},"end":{"line":137,"column":8}},"locations":[{"start":{"line":135,"column":6},"end":{"line":137,"column":8}}]},"74":{"type":"branch","line":137,"loc":{"start":{"line":137,"column":8},"end":{"line":137,"column":48}},"locations":[{"start":{"line":137,"column":8},"end":{"line":137,"column":48}}]},"75":{"type":"branch","line":138,"loc":{"start":{"line":138,"column":8},"end":{"line":138,"column":49}},"locations":[{"start":{"line":138,"column":8},"end":{"line":138,"column":49}}]},"76":{"type":"branch","line":139,"loc":{"start":{"line":139,"column":4},"end":{"line":140,"column":35}},"locations":[{"start":{"line":139,"column":4},"end":{"line":140,"column":35}}]},"77":{"type":"branch","line":140,"loc":{"start":{"line":140,"column":35},"end":{"line":140,"column":93}},"locations":[{"start":{"line":140,"column":35},"end":{"line":140,"column":93}}]},"78":{"type":"branch","line":140,"loc":{"start":{"line":140,"column":65},"end":{"line":140,"column":83}},"locations":[{"start":{"line":140,"column":65},"end":{"line":140,"column":83}}]},"79":{"type":"branch","line":140,"loc":{"start":{"line":140,"column":84},"end":{"line":140,"column":92}},"locations":[{"start":{"line":140,"column":84},"end":{"line":140,"column":92}}]},"80":{"type":"branch","line":140,"loc":{"start":{"line":140,"column":92},"end":{"line":141,"column":64}},"locations":[{"start":{"line":140,"column":92},"end":{"line":141,"column":64}}]},"81":{"type":"branch","line":140,"loc":{"start":{"line":140,"column":92},"end":{"line":141,"column":35}},"locations":[{"start":{"line":140,"column":92},"end":{"line":141,"column":35}}]},"82":{"type":"branch","line":141,"loc":{"start":{"line":141,"column":35},"end":{"line":141,"column":64}},"locations":[{"start":{"line":141,"column":35},"end":{"line":141,"column":64}}]},"83":{"type":"branch","line":141,"loc":{"start":{"line":141,"column":63},"end":{"line":143,"column":56}},"locations":[{"start":{"line":141,"column":63},"end":{"line":143,"column":56}}]},"84":{"type":"branch","line":141,"loc":{"start":{"line":141,"column":63},"end":{"line":142,"column":60}},"locations":[{"start":{"line":141,"column":63},"end":{"line":142,"column":60}}]},"85":{"type":"branch","line":142,"loc":{"start":{"line":142,"column":59},"end":{"line":143,"column":56}},"locations":[{"start":{"line":142,"column":59},"end":{"line":143,"column":56}}]},"86":{"type":"branch","line":143,"loc":{"start":{"line":143,"column":57},"end":{"line":143,"column":62}},"locations":[{"start":{"line":143,"column":57},"end":{"line":143,"column":62}}]},"87":{"type":"branch","line":146,"loc":{"start":{"line":146,"column":2},"end":{"line":152,"column":3}},"locations":[{"start":{"line":146,"column":2},"end":{"line":152,"column":3}}]},"88":{"type":"branch","line":148,"loc":{"start":{"line":148,"column":29},"end":{"line":149,"column":85}},"locations":[{"start":{"line":148,"column":29},"end":{"line":149,"column":85}}]},"89":{"type":"branch","line":154,"loc":{"start":{"line":154,"column":2},"end":{"line":172,"column":3}},"locations":[{"start":{"line":154,"column":2},"end":{"line":172,"column":3}}]},"90":{"type":"branch","line":157,"loc":{"start":{"line":157,"column":27},"end":{"line":170,"column":5}},"locations":[{"start":{"line":157,"column":27},"end":{"line":170,"column":5}}]},"91":{"type":"branch","line":159,"loc":{"start":{"line":159,"column":32},"end":{"line":159,"column":95}},"locations":[{"start":{"line":159,"column":32},"end":{"line":159,"column":95}}]},"92":{"type":"branch","line":159,"loc":{"start":{"line":159,"column":94},"end":{"line":161,"column":29}},"locations":[{"start":{"line":159,"column":94},"end":{"line":161,"column":29}}]},"93":{"type":"branch","line":161,"loc":{"start":{"line":161,"column":29},"end":{"line":161,"column":77}},"locations":[{"start":{"line":161,"column":29},"end":{"line":161,"column":77}}]},"94":{"type":"branch","line":161,"loc":{"start":{"line":161,"column":76},"end":{"line":162,"column":24}},"locations":[{"start":{"line":161,"column":76},"end":{"line":162,"column":24}}]},"95":{"type":"branch","line":162,"loc":{"start":{"line":162,"column":24},"end":{"line":162,"column":61}},"locations":[{"start":{"line":162,"column":24},"end":{"line":162,"column":61}}]},"96":{"type":"branch","line":162,"loc":{"start":{"line":162,"column":60},"end":{"line":163,"column":37}},"locations":[{"start":{"line":162,"column":60},"end":{"line":163,"column":37}}]},"97":{"type":"branch","line":163,"loc":{"start":{"line":163,"column":37},"end":{"line":166,"column":7}},"locations":[{"start":{"line":163,"column":37},"end":{"line":166,"column":7}}]},"98":{"type":"branch","line":164,"loc":{"start":{"line":164,"column":66},"end":{"line":164,"column":76}},"locations":[{"start":{"line":164,"column":66},"end":{"line":164,"column":76}}]},"99":{"type":"branch","line":164,"loc":{"start":{"line":164,"column":77},"end":{"line":164,"column":90}},"locations":[{"start":{"line":164,"column":77},"end":{"line":164,"column":90}}]},"100":{"type":"branch","line":166,"loc":{"start":{"line":166,"column":6},"end":{"line":167,"column":35}},"locations":[{"start":{"line":166,"column":6},"end":{"line":167,"column":35}}]},"101":{"type":"branch","line":167,"loc":{"start":{"line":167,"column":35},"end":{"line":167,"column":103}},"locations":[{"start":{"line":167,"column":35},"end":{"line":167,"column":103}}]},"102":{"type":"branch","line":167,"loc":{"start":{"line":167,"column":93},"end":{"line":167,"column":98}},"locations":[{"start":{"line":167,"column":93},"end":{"line":167,"column":98}}]},"103":{"type":"branch","line":167,"loc":{"start":{"line":167,"column":102},"end":{"line":168,"column":35}},"locations":[{"start":{"line":167,"column":102},"end":{"line":168,"column":35}}]},"104":{"type":"branch","line":168,"loc":{"start":{"line":168,"column":35},"end":{"line":168,"column":87}},"locations":[{"start":{"line":168,"column":35},"end":{"line":168,"column":87}}]},"105":{"type":"branch","line":168,"loc":{"start":{"line":168,"column":86},"end":{"line":170,"column":4}},"locations":[{"start":{"line":168,"column":86},"end":{"line":170,"column":4}}]}},"b":{"0":[210],"1":[208],"2":[2],"3":[208],"4":[206],"5":[2],"6":[208],"7":[3],"8":[2],"9":[206],"10":[10],"11":[206],"12":[0],"13":[206],"14":[20875],"15":[19241],"16":[1634],"17":[23],"18":[2],"19":[20863],"20":[1632],"21":[244],"22":[65],"23":[65],"24":[47],"25":[19],"26":[1],"27":[1613],"28":[195],"29":[162],"30":[24],"31":[13],"32":[11],"33":[20825],"34":[1634],"35":[1591],"36":[6],"37":[4],"38":[1634],"39":[17060],"40":[9385],"41":[0],"42":[206],"43":[195],"44":[194],"45":[34],"46":[0],"47":[3],"48":[17057],"49":[4],"50":[17053],"51":[0],"52":[17053],"53":[0],"54":[17053],"55":[0],"56":[17053],"57":[1011],"58":[16042],"59":[17054],"60":[4957],"61":[7],"62":[4],"63":[5],"64":[3],"65":[0],"66":[4],"67":[0],"68":[4952],"69":[4950],"70":[4949],"71":[4950],"72":[4],"73":[4950],"74":[249],"75":[4701],"76":[11085],"77":[1415],"78":[1413],"79":[2],"80":[17019],"81":[9670],"82":[9653],"83":[16991],"84":[17],"85":[0],"86":[0],"87":[249],"88":[7469],"89":[4704],"90":[11456],"91":[2049],"92":[9407],"93":[4],"94":[9400],"95":[5],"96":[9395],"97":[5],"98":[4],"99":[1],"100":[9390],"101":[3],"102":[0],"103":[9387],"104":[2],"105":[9385]},"fnMap":{"0":{"name":"stringifyPlus","decl":{"start":{"line":21,"column":7},"end":{"line":175,"column":1}},"loc":{"start":{"line":21,"column":7},"end":{"line":175,"column":1}},"line":21},"1":{"name":"getReplacementForKey","decl":{"start":{"line":56,"column":2},"end":{"line":94,"column":3}},"loc":{"start":{"line":56,"column":2},"end":{"line":94,"column":3}},"line":56},"2":{"name":"stringifyPlusInner","decl":{"start":{"line":99,"column":2},"end":{"line":144,"column":3}},"loc":{"start":{"line":99,"column":2},"end":{"line":144,"column":3}},"line":99},"3":{"name":"stringifyArray","decl":{"start":{"line":146,"column":2},"end":{"line":152,"column":3}},"loc":{"start":{"line":146,"column":2},"end":{"line":152,"column":3}},"line":146},"4":{"name":"stringifyObject","decl":{"start":{"line":154,"column":2},"end":{"line":172,"column":3}},"loc":{"start":{"line":154,"column":2},"end":{"line":172,"column":3}},"line":154}},"f":{"0":210,"1":20875,"2":17060,"3":249,"4":4704}}
}
